#
# There is insufficient memory for the Java Runtime Environment to continue.
# Native memory allocation (malloc) failed to allocate 633856 bytes for Chunk::new
# Possible reasons:
#   The system is out of physical RAM or swap space
#   The process is running with CompressedOops enabled, and the Java Heap may be blocking the growth of the native heap
# Possible solutions:
#   Reduce memory load on the system
#   Increase physical memory or swap space
#   Check if swap backing store is full
#   Decrease Java heap size (-Xmx/-Xms)
#   Decrease number of Java threads
#   Decrease Java thread stack sizes (-Xss)
#   Set larger code cache with -XX:ReservedCodeCacheSize=
#   JVM is running with Unscaled Compressed Oops mode in which the Java heap is
#     placed in the first 4GB address space. The Java Heap base address is the
#     maximum limit for the native heap growth. Please use -XX:HeapBaseMinAddress
#     to set the Java Heap base and to place the Java Heap above 4GB virtual address.
# This output file may be truncated or incomplete.
#
#  Out of Memory Error (allocation.cpp:389), pid=14944, tid=0x000000000000211c
#
# JRE version: Java(TM) SE Runtime Environment (8.0_301-b09) (build 1.8.0_301-b09)
# Java VM: Java HotSpot(TM) 64-Bit Server VM (25.301-b09 mixed mode windows-amd64 compressed oops)
# Failed to write core dump. Minidumps are not enabled by default on client versions of Windows
#

---------------  T H R E A D  ---------------

Current thread (0x0000020866b50000):  JavaThread "C2 CompilerThread5" daemon [_thread_in_native, id=8476, stack(0x0000005437f00000,0x0000005438000000)]

Stack: [0x0000005437f00000,0x0000005438000000]
Native frames: (J=compiled Java code, j=interpreted, Vv=VM code, C=native code)
V  [jvm.dll+0x32ed79]
V  [jvm.dll+0x275722]
V  [jvm.dll+0x2763cd]
V  [jvm.dll+0x26ce05]
V  [jvm.dll+0xd551c]
V  [jvm.dll+0xd5d1c]
V  [jvm.dll+0x452c72]
V  [jvm.dll+0x48dcdd]
V  [jvm.dll+0x442428]
V  [jvm.dll+0x43fee4]
V  [jvm.dll+0x42ae57]
V  [jvm.dll+0xac1bb]
V  [jvm.dll+0xaa81b]
V  [jvm.dll+0x23ddc2]
V  [jvm.dll+0x2923dc]
C  [ucrtbase.dll+0x26c0c]
C  [KERNEL32.DLL+0x154e0]
C  [ntdll.dll+0x485b]


Current CompileTask:
C2:  11116 9846       4       java.net.URLClassLoader$1::run (5 bytes)


---------------  P R O C E S S  ---------------

Java Threads: ( => current thread )
  0x0000020869176800 JavaThread "jar transforms Thread 119" [_thread_blocked, id=7660, stack(0x0000005442500000,0x0000005442600000)]
  0x0000020869171000 JavaThread "jar transforms Thread 118" [_thread_blocked, id=7160, stack(0x0000005442400000,0x0000005442500000)]
  0x0000020869170800 JavaThread "jar transforms Thread 117" [_thread_blocked, id=11788, stack(0x0000005442300000,0x0000005442400000)]
  0x0000020869172800 JavaThread "jar transforms Thread 116" [_thread_blocked, id=8524, stack(0x0000005442200000,0x0000005442300000)]
  0x0000020869177000 JavaThread "jar transforms Thread 115" [_thread_blocked, id=11096, stack(0x0000005442100000,0x0000005442200000)]
  0x0000020869175000 JavaThread "jar transforms Thread 114" [_thread_blocked, id=6944, stack(0x0000005442000000,0x0000005442100000)]
  0x0000020869174000 JavaThread "jar transforms Thread 113" [_thread_blocked, id=5492, stack(0x0000005441f00000,0x0000005442000000)]
  0x0000020869169000 JavaThread "jar transforms Thread 112" [_thread_blocked, id=8980, stack(0x0000005441e00000,0x0000005441f00000)]
  0x000002086916b000 JavaThread "jar transforms Thread 111" [_thread_blocked, id=12040, stack(0x0000005441d00000,0x0000005441e00000)]
  0x0000020869169800 JavaThread "jar transforms Thread 110" [_thread_blocked, id=6596, stack(0x0000005441c00000,0x0000005441d00000)]
  0x000002086916f800 JavaThread "jar transforms Thread 109" [_thread_blocked, id=6044, stack(0x0000005441b00000,0x0000005441c00000)]
  0x000002086916f000 JavaThread "jar transforms Thread 108" [_thread_blocked, id=8868, stack(0x0000005441a00000,0x0000005441b00000)]
  0x000002086916c000 JavaThread "jar transforms Thread 107" [_thread_blocked, id=12904, stack(0x0000005441900000,0x0000005441a00000)]
  0x0000020869168000 JavaThread "jar transforms Thread 106" [_thread_blocked, id=5260, stack(0x0000005441800000,0x0000005441900000)]
  0x000002086916a800 JavaThread "jar transforms Thread 105" [_thread_blocked, id=12668, stack(0x0000005441700000,0x0000005441800000)]
  0x000002086916c800 JavaThread "jar transforms Thread 104" [_thread_blocked, id=12644, stack(0x0000005441600000,0x0000005441700000)]
  0x000002086916e000 JavaThread "jar transforms Thread 103" [_thread_blocked, id=11100, stack(0x0000005441500000,0x0000005441600000)]
  0x000002086916d800 JavaThread "jar transforms Thread 102" [_thread_blocked, id=3264, stack(0x0000005441400000,0x0000005441500000)]
  0x00000208675df800 JavaThread "jar transforms Thread 101" [_thread_blocked, id=14680, stack(0x0000005441300000,0x0000005441400000)]
  0x00000208677af800 JavaThread "jar transforms Thread 100" [_thread_blocked, id=2648, stack(0x0000005441200000,0x0000005441300000)]
  0x00000208677b5000 JavaThread "jar transforms Thread 99" [_thread_blocked, id=1864, stack(0x0000005441100000,0x0000005441200000)]
  0x00000208677b0800 JavaThread "jar transforms Thread 98" [_thread_blocked, id=13508, stack(0x0000005441000000,0x0000005441100000)]
  0x00000208677b2800 JavaThread "jar transforms Thread 97" [_thread_blocked, id=7380, stack(0x0000005440f00000,0x0000005441000000)]
  0x00000208677b1000 JavaThread "jar transforms Thread 96" [_thread_blocked, id=8100, stack(0x0000005440e00000,0x0000005440f00000)]
  0x00000208677b4000 JavaThread "jar transforms Thread 95" [_thread_blocked, id=2304, stack(0x0000005440d00000,0x0000005440e00000)]
  0x00000208677b3800 JavaThread "jar transforms Thread 94" [_thread_blocked, id=6744, stack(0x0000005440c00000,0x0000005440d00000)]
  0x00000208677a8800 JavaThread "jar transforms Thread 93" [_thread_blocked, id=6632, stack(0x0000005440b00000,0x0000005440c00000)]
  0x00000208677ac000 JavaThread "Memory manager" [_thread_blocked, id=11988, stack(0x0000005440a00000,0x0000005440b00000)]
  0x00000208677a7000 JavaThread "jar transforms Thread 92" [_thread_blocked, id=14104, stack(0x0000005440900000,0x0000005440a00000)]
  0x00000208677ab000 JavaThread "jar transforms Thread 91" [_thread_blocked, id=1900, stack(0x0000005440800000,0x0000005440900000)]
  0x00000208677aa800 JavaThread "jar transforms Thread 90" [_thread_blocked, id=3628, stack(0x0000005440700000,0x0000005440800000)]
  0x00000208677a5800 JavaThread "jar transforms Thread 89" [_thread_blocked, id=10440, stack(0x0000005440600000,0x0000005440700000)]
  0x000002086ab2c800 JavaThread "jar transforms Thread 88" [_thread_blocked, id=8076, stack(0x0000005440500000,0x0000005440600000)]
  0x000002086ab29800 JavaThread "jar transforms Thread 87" [_thread_blocked, id=15052, stack(0x0000005440400000,0x0000005440500000)]
  0x000002086ab2b800 JavaThread "jar transforms Thread 86" [_thread_blocked, id=3732, stack(0x0000005440300000,0x0000005440400000)]
  0x000002086ab28800 JavaThread "jar transforms Thread 85" [_thread_blocked, id=10216, stack(0x0000005440200000,0x0000005440300000)]
  0x000002086ab2b000 JavaThread "jar transforms Thread 84" [_thread_blocked, id=4116, stack(0x0000005440100000,0x0000005440200000)]
  0x000002086ab2a000 JavaThread "jar transforms Thread 83" [_thread_blocked, id=6616, stack(0x0000005440000000,0x0000005440100000)]
  0x000002086ab21000 JavaThread "jar transforms Thread 82" [_thread_blocked, id=7924, stack(0x000000543ff00000,0x0000005440000000)]
  0x000002086ab25000 JavaThread "jar transforms Thread 81" [_thread_blocked, id=2404, stack(0x000000543fe00000,0x000000543ff00000)]
  0x000002086ab27000 JavaThread "jar transforms Thread 80" [_thread_blocked, id=5140, stack(0x000000543fd00000,0x000000543fe00000)]
  0x000002086ab28000 JavaThread "jar transforms Thread 79" [_thread_blocked, id=2536, stack(0x000000543fc00000,0x000000543fd00000)]
  0x000002086ab20800 JavaThread "jar transforms Thread 78" [_thread_blocked, id=3540, stack(0x000000543fb00000,0x000000543fc00000)]
  0x000002086ab1f800 JavaThread "jar transforms Thread 77" [_thread_blocked, id=7576, stack(0x000000543fa00000,0x000000543fb00000)]
  0x000002086ab25800 JavaThread "jar transforms Thread 76" [_thread_blocked, id=14876, stack(0x000000543f900000,0x000000543fa00000)]
  0x000002086ab26800 JavaThread "jar transforms Thread 75" [_thread_blocked, id=5552, stack(0x000000543f800000,0x000000543f900000)]
  0x000002086ab1f000 JavaThread "jar transforms Thread 74" [_thread_blocked, id=6120, stack(0x000000543f700000,0x000000543f800000)]
  0x000002086ab1e000 JavaThread "jar transforms Thread 73" [_thread_blocked, id=9772, stack(0x000000543f600000,0x000000543f700000)]
  0x000002086ab23800 JavaThread "jar transforms Thread 72" [_thread_blocked, id=10664, stack(0x000000543f500000,0x000000543f600000)]
  0x000002086ab22000 JavaThread "jar transforms Thread 71" [_thread_blocked, id=9828, stack(0x000000543f400000,0x000000543f500000)]
  0x000002086ab22800 JavaThread "jar transforms Thread 70" [_thread_blocked, id=4780, stack(0x000000543f300000,0x000000543f400000)]
  0x000002086ab1d800 JavaThread "jar transforms Thread 69" [_thread_blocked, id=6216, stack(0x000000543f200000,0x000000543f300000)]
  0x000002086ab24000 JavaThread "jar transforms Thread 68" [_thread_blocked, id=13192, stack(0x000000543f100000,0x000000543f200000)]
  0x000002086bc24800 JavaThread "jar transforms Thread 67" [_thread_blocked, id=4256, stack(0x000000543f000000,0x000000543f100000)]
  0x000002086bc23800 JavaThread "jar transforms Thread 66" [_thread_blocked, id=14988, stack(0x000000543ef00000,0x000000543f000000)]
  0x000002086bc23000 JavaThread "jar transforms Thread 65" [_thread_blocked, id=9900, stack(0x000000543ee00000,0x000000543ef00000)]
  0x000002086bc1f000 JavaThread "jar transforms Thread 64" [_thread_blocked, id=14356, stack(0x000000543ed00000,0x000000543ee00000)]
  0x000002086bc21800 JavaThread "jar transforms Thread 63" [_thread_blocked, id=6536, stack(0x000000543ec00000,0x000000543ed00000)]
  0x000002086bc22000 JavaThread "jar transforms Thread 62" [_thread_blocked, id=10980, stack(0x000000543eb00000,0x000000543ec00000)]
  0x000002086bc20000 JavaThread "jar transforms Thread 61" [_thread_blocked, id=14796, stack(0x000000543ea00000,0x000000543eb00000)]
  0x000002086bc20800 JavaThread "jar transforms Thread 60" [_thread_blocked, id=7724, stack(0x000000543e900000,0x000000543ea00000)]
  0x000002086bc1e800 JavaThread "jar transforms Thread 59" [_thread_blocked, id=4984, stack(0x000000543e800000,0x000000543e900000)]
  0x000002086bc16800 JavaThread "jar transforms Thread 58" [_thread_blocked, id=3964, stack(0x000000543e700000,0x000000543e800000)]
  0x000002086bc1d800 JavaThread "jar transforms Thread 57" [_thread_blocked, id=9508, stack(0x000000543e600000,0x000000543e700000)]
  0x000002086bc1b800 JavaThread "jar transforms Thread 56" [_thread_blocked, id=2120, stack(0x000000543e500000,0x000000543e600000)]
  0x000002086bc19000 JavaThread "jar transforms Thread 55" [_thread_blocked, id=6324, stack(0x000000543e400000,0x000000543e500000)]
  0x000002086bc19800 JavaThread "jar transforms Thread 54" [_thread_blocked, id=14616, stack(0x000000543e300000,0x000000543e400000)]
  0x000002086bc16000 JavaThread "jar transforms Thread 53" [_thread_blocked, id=14608, stack(0x000000543e200000,0x000000543e300000)]
  0x000002086bc1d000 JavaThread "jar transforms Thread 52" [_thread_blocked, id=6980, stack(0x000000543e100000,0x000000543e200000)]
  0x000002086bc1a800 JavaThread "jar transforms Thread 51" [_thread_blocked, id=10656, stack(0x000000543e000000,0x000000543e100000)]
  0x000002086bc15000 JavaThread "jar transforms Thread 50" [_thread_blocked, id=14084, stack(0x000000543df00000,0x000000543e000000)]
  0x000002086bc1c000 JavaThread "jar transforms Thread 49" [_thread_blocked, id=3696, stack(0x000000543de00000,0x000000543df00000)]
  0x000002086bc18000 JavaThread "jar transforms Thread 48" [_thread_blocked, id=9944, stack(0x000000543dd00000,0x000000543de00000)]
  0x000002086bc17800 JavaThread "jar transforms Thread 47" [_thread_blocked, id=10448, stack(0x000000543dc00000,0x000000543dd00000)]
  0x000002086c473000 JavaThread "jar transforms Thread 46" [_thread_blocked, id=9000, stack(0x000000543db00000,0x000000543dc00000)]
  0x000002086c471800 JavaThread "jar transforms Thread 45" [_thread_blocked, id=8920, stack(0x000000543da00000,0x000000543db00000)]
  0x000002086c471000 JavaThread "jar transforms Thread 44" [_thread_blocked, id=8816, stack(0x000000543d900000,0x000000543da00000)]
  0x000002086c476000 JavaThread "jar transforms Thread 43" [_thread_blocked, id=12420, stack(0x000000543d800000,0x000000543d900000)]
  0x000002086c474800 JavaThread "jar transforms Thread 42" [_thread_blocked, id=12896, stack(0x000000543d700000,0x000000543d800000)]
  0x000002086c475800 JavaThread "jar transforms Thread 41" [_thread_blocked, id=12116, stack(0x000000543d600000,0x000000543d700000)]
  0x000002086c477000 JavaThread "jar transforms Thread 40" [_thread_blocked, id=11456, stack(0x000000543d500000,0x000000543d600000)]
  0x000002086c472800 JavaThread "jar transforms Thread 39" [_thread_blocked, id=13116, stack(0x000000543d400000,0x000000543d500000)]
  0x000002086c477800 JavaThread "jar transforms Thread 38" [_thread_blocked, id=5392, stack(0x000000543d300000,0x000000543d400000)]
  0x000002086c474000 JavaThread "jar transforms Thread 37" [_thread_blocked, id=9636, stack(0x000000543d200000,0x000000543d300000)]
  0x000002086c46c800 JavaThread "jar transforms Thread 36" [_thread_blocked, id=8584, stack(0x000000543d100000,0x000000543d200000)]
  0x000002086c469000 JavaThread "jar transforms Thread 35" [_thread_blocked, id=14376, stack(0x000000543d000000,0x000000543d100000)]
  0x000002086c470000 JavaThread "jar transforms Thread 34" [_thread_blocked, id=13624, stack(0x000000543cf00000,0x000000543d000000)]
  0x000002086c46a000 JavaThread "jar transforms Thread 33" [_thread_blocked, id=12640, stack(0x000000543ce00000,0x000000543cf00000)]
  0x000002086c46b800 JavaThread "jar transforms Thread 32" [_thread_blocked, id=14972, stack(0x000000543cd00000,0x000000543ce00000)]
  0x000002086c468800 JavaThread "jar transforms Thread 31" [_thread_blocked, id=10420, stack(0x000000543cc00000,0x000000543cd00000)]
  0x000002086c46b000 JavaThread "jar transforms Thread 30" [_thread_blocked, id=5780, stack(0x000000543cb00000,0x000000543cc00000)]
  0x000002086c46f800 JavaThread "jar transforms Thread 29" [_thread_blocked, id=5040, stack(0x000000543ca00000,0x000000543cb00000)]
  0x000002086c46e000 JavaThread "jar transforms Thread 28" [_thread_blocked, id=12604, stack(0x000000543c900000,0x000000543ca00000)]
  0x000002086c46e800 JavaThread "jar transforms Thread 27" [_thread_blocked, id=11516, stack(0x000000543c800000,0x000000543c900000)]
  0x000002086c46d000 JavaThread "jar transforms Thread 26" [_thread_blocked, id=5272, stack(0x000000543c700000,0x000000543c800000)]
  0x000002086af69000 JavaThread "jar transforms Thread 25" [_thread_blocked, id=10624, stack(0x000000543c600000,0x000000543c700000)]
  0x000002086af68000 JavaThread "jar transforms Thread 24" [_thread_blocked, id=14160, stack(0x000000543c500000,0x000000543c600000)]
  0x000002086af66800 JavaThread "jar transforms Thread 23" [_thread_blocked, id=9560, stack(0x000000543c400000,0x000000543c500000)]
  0x000002086af64000 JavaThread "jar transforms Thread 22" [_thread_blocked, id=3372, stack(0x000000543c300000,0x000000543c400000)]
  0x000002086af66000 JavaThread "jar transforms Thread 21" [_thread_blocked, id=7184, stack(0x000000543c200000,0x000000543c300000)]
  0x000002086af65000 JavaThread "jar transforms Thread 20" [_thread_blocked, id=8536, stack(0x000000543c100000,0x000000543c200000)]
  0x000002086af63800 JavaThread "jar transforms Thread 19" [_thread_blocked, id=9248, stack(0x000000543c000000,0x000000543c100000)]
  0x000002086af67800 JavaThread "jar transforms Thread 18" [_thread_blocked, id=11532, stack(0x000000543bf00000,0x000000543c000000)]
  0x000002086af62800 JavaThread "jar transforms Thread 17" [_thread_blocked, id=3168, stack(0x000000543be00000,0x000000543bf00000)]
  0x000002086af5b000 JavaThread "jar transforms Thread 16" [_thread_blocked, id=3680, stack(0x000000543bd00000,0x000000543be00000)]
  0x000002086af62000 JavaThread "jar transforms Thread 15" [_thread_blocked, id=10164, stack(0x000000543bc00000,0x000000543bd00000)]
  0x000002086af61000 JavaThread "jar transforms Thread 14" [_thread_blocked, id=10616, stack(0x000000543bb00000,0x000000543bc00000)]
  0x000002086af5f000 JavaThread "jar transforms Thread 13" [_thread_blocked, id=11288, stack(0x000000543ba00000,0x000000543bb00000)]
  0x000002086af5e000 JavaThread "jar transforms Thread 12" [_thread_blocked, id=13304, stack(0x000000543b900000,0x000000543ba00000)]
  0x000002086af5c800 JavaThread "jar transforms Thread 11" [_thread_blocked, id=6600, stack(0x000000543b800000,0x000000543b900000)]
  0x000002086af59800 JavaThread "jar transforms Thread 10" [_thread_blocked, id=12172, stack(0x000000543b700000,0x000000543b800000)]
  0x000002086af5c000 JavaThread "jar transforms Thread 9" [_thread_blocked, id=6896, stack(0x000000543b600000,0x000000543b700000)]
  0x000002086af5d800 JavaThread "jar transforms Thread 8" [_thread_blocked, id=9960, stack(0x000000543b500000,0x000000543b600000)]
  0x000002086af5f800 JavaThread "jar transforms Thread 7" [_thread_blocked, id=7900, stack(0x000000543b400000,0x000000543b500000)]
  0x000002086af60800 JavaThread "jar transforms Thread 6" [_thread_blocked, id=2720, stack(0x000000543b300000,0x000000543b400000)]
  0x000002086af5a800 JavaThread "jar transforms Thread 5" [_thread_blocked, id=13168, stack(0x000000543b200000,0x000000543b300000)]
  0x000002086a9e7800 JavaThread "jar transforms Thread 4" [_thread_blocked, id=14156, stack(0x000000543b100000,0x000000543b200000)]
  0x000002086a9e6800 JavaThread "jar transforms Thread 3" [_thread_blocked, id=9760, stack(0x000000543b000000,0x000000543b100000)]
  0x000002086a9e6000 JavaThread "jar transforms Thread 2" [_thread_blocked, id=8080, stack(0x000000543af00000,0x000000543b000000)]
  0x000002086a9de800 JavaThread "Build operations Thread 16" [_thread_blocked, id=14260, stack(0x000000543ae00000,0x000000543af00000)]
  0x000002086a9e3800 JavaThread "Build operations Thread 15" [_thread_blocked, id=1352, stack(0x000000543ad00000,0x000000543ae00000)]
  0x000002086a9e5000 JavaThread "Build operations Thread 14" [_thread_blocked, id=7388, stack(0x000000543ac00000,0x000000543ad00000)]
  0x000002086a9e1800 JavaThread "Build operations Thread 13" [_thread_blocked, id=6496, stack(0x000000543ab00000,0x000000543ac00000)]
  0x000002086a9dd800 JavaThread "Build operations Thread 12" [_thread_blocked, id=10308, stack(0x000000543aa00000,0x000000543ab00000)]
  0x000002086a9e4800 JavaThread "Build operations Thread 11" [_thread_blocked, id=15344, stack(0x000000543a900000,0x000000543aa00000)]
  0x000002086a9dc000 JavaThread "Build operations Thread 10" [_thread_blocked, id=11444, stack(0x000000543a800000,0x000000543a900000)]
  0x000002086a9e3000 JavaThread "Build operations Thread 9" [_thread_blocked, id=2968, stack(0x000000543a700000,0x000000543a800000)]
  0x000002086a9dd000 JavaThread "Build operations Thread 8" [_thread_blocked, id=13848, stack(0x000000543a600000,0x000000543a700000)]
  0x000002086a9e0800 JavaThread "Build operations Thread 7" [_thread_blocked, id=10452, stack(0x000000543a500000,0x000000543a600000)]
  0x000002086a9e2000 JavaThread "Build operations Thread 6" [_thread_blocked, id=6880, stack(0x000000543a400000,0x000000543a500000)]
  0x000002086a9d9000 JavaThread "Build operations Thread 5" [_thread_blocked, id=12124, stack(0x000000543a300000,0x000000543a400000)]
  0x000002086a9e0000 JavaThread "Build operations Thread 4" [_thread_blocked, id=9488, stack(0x000000543a200000,0x000000543a300000)]
  0x000002086a9db000 JavaThread "Build operations Thread 3" [_thread_blocked, id=12696, stack(0x000000543a100000,0x000000543a200000)]
  0x000002086a9da800 JavaThread "Build operations Thread 2" [_thread_blocked, id=12680, stack(0x000000543a000000,0x000000543a100000)]
  0x000002086a9d9800 JavaThread "Build operations" [_thread_blocked, id=6652, stack(0x0000005439f00000,0x000000543a000000)]
  0x000002086a9df000 JavaThread "Cache worker for Build Output Cleanup Cache (C:\Users\Athos\Documents\GitHub\ReactNative-PhoneProject\android\.gradle\buildOutputCleanup)" [_thread_blocked, id=13752, stack(0x0000005439e00000,0x0000005439f00000)]
  0x00000208675de800 JavaThread "Cache worker for file content cache (C:\Users\Athos\.gradle\caches\6.7\fileContent)" [_thread_blocked, id=7488, stack(0x0000005439d00000,0x0000005439e00000)]
  0x00000208675e1800 JavaThread "jar transforms" [_thread_blocked, id=12252, stack(0x0000005439c00000,0x0000005439d00000)]
  0x00000208675dc800 JavaThread "Cache worker for execution history cache (C:\Users\Athos\.gradle\caches\6.7\executionHistory)" [_thread_blocked, id=2532, stack(0x0000005439b00000,0x0000005439c00000)]
  0x00000208675e1000 JavaThread "Cache worker for cache directory md-rule (C:\Users\Athos\.gradle\caches\6.7\md-rule)" [_thread_blocked, id=9548, stack(0x0000005439a00000,0x0000005439b00000)]
  0x00000208675e3000 JavaThread "Cache worker for cache directory md-supplier (C:\Users\Athos\.gradle\caches\6.7\md-supplier)" [_thread_blocked, id=11804, stack(0x0000005439900000,0x0000005439a00000)]
  0x00000208675e0000 JavaThread "Cache worker for checksums cache (C:\Users\Athos\Documents\GitHub\ReactNative-PhoneProject\android\.gradle\checksums)" [_thread_blocked, id=15180, stack(0x0000005439800000,0x0000005439900000)]
  0x00000208675e2800 JavaThread "Cache worker for file hash cache (C:\Users\Athos\Documents\GitHub\ReactNative-PhoneProject\android\.gradle\6.7\fileHashes)" [_thread_blocked, id=13916, stack(0x0000005439700000,0x0000005439800000)]
  0x00000208675de000 JavaThread "Cache worker for journal cache (C:\Users\Athos\.gradle\caches\journal-1)" [_thread_blocked, id=4652, stack(0x0000005439600000,0x0000005439700000)]
  0x0000020866b50800 JavaThread "File lock request listener" [_thread_in_native, id=12460, stack(0x0000005439500000,0x0000005439600000)]
  0x0000020866b4f000 JavaThread "Cache worker for file hash cache (C:\Users\Athos\.gradle\caches\6.7\fileHashes)" [_thread_blocked, id=14208, stack(0x0000005439400000,0x0000005439500000)]
  0x0000020868ed5000 JavaThread "Thread-9" [_thread_blocked, id=9984, stack(0x0000005439300000,0x0000005439400000)]
  0x0000020868e61000 JavaThread "Stdin handler" [_thread_blocked, id=13584, stack(0x0000005439200000,0x0000005439300000)]
  0x0000020868e60800 JavaThread "Asynchronous log dispatcher for DefaultDaemonConnection: socket connection from /127.0.0.1:50739 to /127.0.0.1:50740" [_thread_blocked, id=15248, stack(0x0000005439100000,0x0000005439200000)]
  0x0000020868e57800 JavaThread "Daemon worker" [_thread_in_native, id=1312, stack(0x0000005439000000,0x0000005439100000)]
  0x0000020868e50000 JavaThread "Cancel handler" [_thread_blocked, id=6220, stack(0x0000005438f00000,0x0000005439000000)]
  0x000002086889a000 JavaThread "Handler for socket connection from /127.0.0.1:50739 to /127.0.0.1:50740" [_thread_in_native, id=3748, stack(0x0000005438e00000,0x0000005438f00000)]
  0x0000020868899800 JavaThread "Daemon" [_thread_blocked, id=10812, stack(0x0000005438d00000,0x0000005438e00000)]
  0x000002086888c000 JavaThread "Daemon periodic checks" [_thread_blocked, id=8788, stack(0x0000005438c00000,0x0000005438d00000)]
  0x00000208678ce000 JavaThread "Incoming local TCP Connector on port 50739" [_thread_in_native, id=3756, stack(0x0000005438b00000,0x0000005438c00000)]
  0x0000020868449000 JavaThread "Daemon health stats" [_thread_blocked, id=13128, stack(0x0000005438800000,0x0000005438900000)]
  0x0000020866bfe000 JavaThread "Service Thread" daemon [_thread_blocked, id=4524, stack(0x0000005438600000,0x0000005438700000)]
  0x0000020866b53000 JavaThread "C1 CompilerThread11" daemon [_thread_blocked, id=3568, stack(0x0000005438500000,0x0000005438600000)]
  0x0000020866b55000 JavaThread "C1 CompilerThread10" daemon [_thread_blocked, id=9728, stack(0x0000005438400000,0x0000005438500000)]
  0x0000020866b52000 JavaThread "C1 CompilerThread9" daemon [_thread_blocked, id=12344, stack(0x0000005438300000,0x0000005438400000)]
  0x0000020866b51800 JavaThread "C1 CompilerThread8" daemon [_thread_blocked, id=15012, stack(0x0000005438200000,0x0000005438300000)]
  0x0000020866b53800 JavaThread "C2 CompilerThread7" daemon [_thread_in_native, id=9128, stack(0x0000005438100000,0x0000005438200000)]
  0x0000020866b56000 JavaThread "C2 CompilerThread6" daemon [_thread_blocked, id=5844, stack(0x0000005438000000,0x0000005438100000)]
=>0x0000020866b50000 JavaThread "C2 CompilerThread5" daemon [_thread_in_native, id=8476, stack(0x0000005437f00000,0x0000005438000000)]
  0x0000020866b20800 JavaThread "C2 CompilerThread4" daemon [_thread_in_native, id=11956, stack(0x0000005437e00000,0x0000005437f00000)]
  0x0000020866b11800 JavaThread "C2 CompilerThread3" daemon [_thread_blocked, id=7892, stack(0x0000005437d00000,0x0000005437e00000)]
  0x0000020866b11000 JavaThread "C2 CompilerThread2" daemon [_thread_in_native, id=6308, stack(0x0000005437c00000,0x0000005437d00000)]
  0x0000020863dfc800 JavaThread "C2 CompilerThread1" daemon [_thread_blocked, id=11644, stack(0x0000005437b00000,0x0000005437c00000)]
  0x0000020866b0e800 JavaThread "C2 CompilerThread0" daemon [_thread_in_native, id=1140, stack(0x0000005437a00000,0x0000005437b00000)]
  0x0000020866b0d000 JavaThread "Attach Listener" daemon [_thread_blocked, id=13748, stack(0x0000005437900000,0x0000005437a00000)]
  0x0000020866b08000 JavaThread "Signal Dispatcher" daemon [_thread_blocked, id=11572, stack(0x0000005437800000,0x0000005437900000)]
  0x0000020863dec000 JavaThread "Finalizer" daemon [_thread_blocked, id=15076, stack(0x0000005437700000,0x0000005437800000)]
  0x0000020866af0800 JavaThread "Reference Handler" daemon [_thread_blocked, id=8336, stack(0x0000005437600000,0x0000005437700000)]
  0x000002085118e000 JavaThread "main" [_thread_blocked, id=2300, stack(0x0000005436700000,0x0000005436800000)]

Other Threads:
  0x0000020863ddb000 VMThread [stack: 0x0000005437500000,0x0000005437600000] [id=13684]
  0x0000020866bee000 WatcherThread [stack: 0x0000005438700000,0x0000005438800000] [id=11600]

VM state:not at safepoint (normal execution)

VM Mutex/Monitor currently owned by a thread: None

heap address: 0x00000000e0000000, size: 512 MB, Compressed Oops mode: 32-bit
Narrow klass base: 0x0000000000000000, Narrow klass shift: 3
Compressed class space size: 1073741824 Address: 0x0000000100000000

Heap:
 PSYoungGen      total 140800K, used 41103K [0x00000000f5580000, 0x0000000100000000, 0x0000000100000000)
  eden space 107008K, 28% used [0x00000000f5580000,0x00000000f7359080,0x00000000fbe00000)
  from space 33792K, 31% used [0x00000000fbe00000,0x00000000fc84adf0,0x00000000fdf00000)
  to   space 33280K, 0% used [0x00000000fdf80000,0x00000000fdf80000,0x0000000100000000)
 ParOldGen       total 207872K, used 75837K [0x00000000e0000000, 0x00000000ecb00000, 0x00000000f5580000)
  object space 207872K, 36% used [0x00000000e0000000,0x00000000e4a0f788,0x00000000ecb00000)
 Metaspace       used 72143K, capacity 77482K, committed 77824K, reserved 1116160K
  class space    used 10163K, capacity 11411K, committed 11520K, reserved 1048576K

Card table byte_map: [0x0000020862040000,0x0000020862150000] byte_map_base: 0x0000020861940000

Marking Bits: (ParMarkBitMap*) 0x000000005a2d7fe0
 Begin Bits: [0x0000020862200000, 0x0000020862a00000)
 End Bits:   [0x0000020862a00000, 0x0000020863200000)

Polling page: 0x0000020851420000

CodeCache: size=245760Kb used=30715Kb max_used=30715Kb free=215044Kb
 bounds [0x0000020852c80000, 0x0000020854ab0000, 0x0000020861c80000]
 total_blobs=9593 nmethods=8791 adapters=712
 compilation: enabled

Compilation events (10 events):
Event: 11.088 Thread 0x0000020866b52000 nmethod 9854 0x0000020854a8bbd0 code [0x0000020854a8bda0, 0x0000020854a8c670]
Event: 11.088 Thread 0x0000020866b51800 nmethod 9853 0x0000020854a8ad90 code [0x0000020854a8af60, 0x0000020854a8b780]
Event: 11.090 Thread 0x0000020866b20800 9855       4       sun.reflect.generics.parser.SignatureParser::parseFieldTypeSignature (73 bytes)
Event: 11.091 Thread 0x0000020866b53000 9856   !   3       org.gradle.internal.classloader.TransformingClassLoader::findClass (203 bytes)
Event: 11.093 Thread 0x0000020866b53000 nmethod 9856 0x0000020854a8ef50 code [0x0000020854a8f460, 0x0000020854a92540]
Event: 11.098 Thread 0x0000020866b11000 nmethod 9842 0x0000020854a98090 code [0x0000020854a98480, 0x0000020854a9a760]
Event: 11.098 Thread 0x0000020866b55000 9857       3       java.beans.Introspector::<init> (199 bytes)
Event: 11.099 Thread 0x0000020866b55000 nmethod 9857 0x0000020854a94b90 code [0x0000020854a94f00, 0x0000020854a970a0]
Event: 11.100 Thread 0x0000020866b0e800 9858       4       sun.reflect.generics.parser.SignatureParser::parseClassTypeSignature (118 bytes)
Event: 11.100 Thread 0x0000020866b11000 9859       4       sun.reflect.generics.parser.SignatureParser::parsePackageNameAndSimpleClassTypeSignature (139 bytes)

GC Heap History (10 events):
Event: 6.249 GC heap before
{Heap before GC invocations=12 (full 3):
 PSYoungGen      total 151040K, used 17381K [0x00000000f5580000, 0x0000000100000000, 0x0000000100000000)
  eden space 133632K, 0% used [0x00000000f5580000,0x00000000f5580000,0x00000000fd800000)
  from space 17408K, 99% used [0x00000000fd800000,0x00000000fe8f94c8,0x00000000fe900000)
  to   space 21504K, 0% used [0x00000000feb00000,0x00000000feb00000,0x0000000100000000)
 ParOldGen       total 175104K, used 26334K [0x00000000e0000000, 0x00000000eab00000, 0x00000000f5580000)
  object space 175104K, 15% used [0x00000000e0000000,0x00000000e19b7918,0x00000000eab00000)
 Metaspace       used 56229K, capacity 58980K, committed 59136K, reserved 1099776K
  class space    used 7807K, capacity 8417K, committed 8448K, reserved 1048576K
Event: 6.394 GC heap after
Heap after GC invocations=12 (full 3):
 PSYoungGen      total 151040K, used 0K [0x00000000f5580000, 0x0000000100000000, 0x0000000100000000)
  eden space 133632K, 0% used [0x00000000f5580000,0x00000000f5580000,0x00000000fd800000)
  from space 17408K, 0% used [0x00000000fd800000,0x00000000fd800000,0x00000000fe900000)
  to   space 21504K, 0% used [0x00000000feb00000,0x00000000feb00000,0x0000000100000000)
 ParOldGen       total 207872K, used 32747K [0x00000000e0000000, 0x00000000ecb00000, 0x00000000f5580000)
  object space 207872K, 15% used [0x00000000e0000000,0x00000000e1ffaf48,0x00000000ecb00000)
 Metaspace       used 56138K, capacity 58674K, committed 59136K, reserved 1099776K
  class space    used 7778K, capacity 8366K, committed 8448K, reserved 1048576K
}
Event: 9.387 GC heap before
{Heap before GC invocations=13 (full 3):
 PSYoungGen      total 151040K, used 133632K [0x00000000f5580000, 0x0000000100000000, 0x0000000100000000)
  eden space 133632K, 100% used [0x00000000f5580000,0x00000000fd800000,0x00000000fd800000)
  from space 17408K, 0% used [0x00000000fd800000,0x00000000fd800000,0x00000000fe900000)
  to   space 21504K, 0% used [0x00000000feb00000,0x00000000feb00000,0x0000000100000000)
 ParOldGen       total 207872K, used 32747K [0x00000000e0000000, 0x00000000ecb00000, 0x00000000f5580000)
  object space 207872K, 15% used [0x00000000e0000000,0x00000000e1ffaf48,0x00000000ecb00000)
 Metaspace       used 59864K, capacity 62994K, committed 63232K, reserved 1103872K
  class space    used 8428K, capacity 9111K, committed 9216K, reserved 1048576K
Event: 9.394 GC heap after
Heap after GC invocations=13 (full 3):
 PSYoungGen      total 152064K, used 15226K [0x00000000f5580000, 0x0000000100000000, 0x0000000100000000)
  eden space 130560K, 0% used [0x00000000f5580000,0x00000000f5580000,0x00000000fd500000)
  from space 21504K, 70% used [0x00000000feb00000,0x00000000ff9de830,0x0000000100000000)
  to   space 22016K, 0% used [0x00000000fd500000,0x00000000fd500000,0x00000000fea80000)
 ParOldGen       total 207872K, used 32755K [0x00000000e0000000, 0x00000000ecb00000, 0x00000000f5580000)
  object space 207872K, 15% used [0x00000000e0000000,0x00000000e1ffcf48,0x00000000ecb00000)
 Metaspace       used 59864K, capacity 62994K, committed 63232K, reserved 1103872K
  class space    used 8428K, capacity 9111K, committed 9216K, reserved 1048576K
}
Event: 9.908 GC heap before
{Heap before GC invocations=14 (full 3):
 PSYoungGen      total 152064K, used 145786K [0x00000000f5580000, 0x0000000100000000, 0x0000000100000000)
  eden space 130560K, 100% used [0x00000000f5580000,0x00000000fd500000,0x00000000fd500000)
  from space 21504K, 70% used [0x00000000feb00000,0x00000000ff9de830,0x0000000100000000)
  to   space 22016K, 0% used [0x00000000fd500000,0x00000000fd500000,0x00000000fea80000)
 ParOldGen       total 207872K, used 32755K [0x00000000e0000000, 0x00000000ecb00000, 0x00000000f5580000)
  object space 207872K, 15% used [0x00000000e0000000,0x00000000e1ffcf48,0x00000000ecb00000)
 Metaspace       used 65033K, capacity 68688K, committed 68992K, reserved 1107968K
  class space    used 9244K, capacity 10063K, committed 10112K, reserved 1048576K
Event: 9.920 GC heap after
Heap after GC invocations=14 (full 3):
 PSYoungGen      total 152576K, used 21999K [0x00000000f5580000, 0x0000000100000000, 0x0000000100000000)
  eden space 130560K, 0% used [0x00000000f5580000,0x00000000f5580000,0x00000000fd500000)
  from space 22016K, 99% used [0x00000000fd500000,0x00000000fea7bf68,0x00000000fea80000)
  to   space 22016K, 0% used [0x00000000fea80000,0x00000000fea80000,0x0000000100000000)
 ParOldGen       total 207872K, used 37025K [0x00000000e0000000, 0x00000000ecb00000, 0x00000000f5580000)
  object space 207872K, 17% used [0x00000000e0000000,0x00000000e2428530,0x00000000ecb00000)
 Metaspace       used 65033K, capacity 68688K, committed 68992K, reserved 1107968K
  class space    used 9244K, capacity 10063K, committed 10112K, reserved 1048576K
}
Event: 10.597 GC heap before
{Heap before GC invocations=15 (full 3):
 PSYoungGen      total 152576K, used 152559K [0x00000000f5580000, 0x0000000100000000, 0x0000000100000000)
  eden space 130560K, 100% used [0x00000000f5580000,0x00000000fd500000,0x00000000fd500000)
  from space 22016K, 99% used [0x00000000fd500000,0x00000000fea7bf68,0x00000000fea80000)
  to   space 22016K, 0% used [0x00000000fea80000,0x00000000fea80000,0x0000000100000000)
 ParOldGen       total 207872K, used 37025K [0x00000000e0000000, 0x00000000ecb00000, 0x00000000f5580000)
  object space 207872K, 17% used [0x00000000e0000000,0x00000000e2428530,0x00000000ecb00000)
 Metaspace       used 68112K, capacity 72764K, committed 72960K, reserved 1112064K
  class space    used 9608K, capacity 10681K, committed 10752K, reserved 1048576K
Event: 10.614 GC heap after
Heap after GC invocations=15 (full 3):
 PSYoungGen      total 129024K, used 21995K [0x00000000f5580000, 0x0000000100000000, 0x0000000100000000)
  eden space 107008K, 0% used [0x00000000f5580000,0x00000000f5580000,0x00000000fbe00000)
  from space 22016K, 99% used [0x00000000fea80000,0x00000000ffffae38,0x0000000100000000)
  to   space 33792K, 0% used [0x00000000fbe00000,0x00000000fbe00000,0x00000000fdf00000)
 ParOldGen       total 207872K, used 53818K [0x00000000e0000000, 0x00000000ecb00000, 0x00000000f5580000)
  object space 207872K, 25% used [0x00000000e0000000,0x00000000e348ea78,0x00000000ecb00000)
 Metaspace       used 68112K, capacity 72764K, committed 72960K, reserved 1112064K
  class space    used 9608K, capacity 10681K, committed 10752K, reserved 1048576K
}
Event: 11.037 GC heap before
{Heap before GC invocations=16 (full 3):
 PSYoungGen      total 129024K, used 129003K [0x00000000f5580000, 0x0000000100000000, 0x0000000100000000)
  eden space 107008K, 100% used [0x00000000f5580000,0x00000000fbe00000,0x00000000fbe00000)
  from space 22016K, 99% used [0x00000000fea80000,0x00000000ffffae38,0x0000000100000000)
  to   space 33792K, 0% used [0x00000000fbe00000,0x00000000fbe00000,0x00000000fdf00000)
 ParOldGen       total 207872K, used 53818K [0x00000000e0000000, 0x00000000ecb00000, 0x00000000f5580000)
  object space 207872K, 25% used [0x00000000e0000000,0x00000000e348ea78,0x00000000ecb00000)
 Metaspace       used 71532K, capacity 76772K, committed 76928K, reserved 1114112K
  class space    used 10070K, capacity 11305K, committed 11392K, reserved 1048576K
Event: 11.051 GC heap after
Heap after GC invocations=16 (full 3):
 PSYoungGen      total 140800K, used 10539K [0x00000000f5580000, 0x0000000100000000, 0x0000000100000000)
  eden space 107008K, 0% used [0x00000000f5580000,0x00000000f5580000,0x00000000fbe00000)
  from space 33792K, 31% used [0x00000000fbe00000,0x00000000fc84adf0,0x00000000fdf00000)
  to   space 33280K, 0% used [0x00000000fdf80000,0x00000000fdf80000,0x0000000100000000)
 ParOldGen       total 207872K, used 75837K [0x00000000e0000000, 0x00000000ecb00000, 0x00000000f5580000)
  object space 207872K, 36% used [0x00000000e0000000,0x00000000e4a0f788,0x00000000ecb00000)
 Metaspace       used 71532K, capacity 76772K, committed 76928K, reserved 1114112K
  class space    used 10070K, capacity 11305K, committed 11392K, reserved 1048576K
}

Deoptimization events (10 events):
Event: 10.557 Thread 0x0000020868e57800 Uncommon trap: reason=bimorphic action=maybe_recompile pc=0x0000020853399904 method=java.util.regex.Pattern$Slice.match(Ljava/util/regex/Matcher;ILjava/lang/CharSequence;)Z @ 75
Event: 10.557 Thread 0x0000020868e57800 Uncommon trap: reason=bimorphic action=maybe_recompile pc=0x00000208545dddc0 method=org.gradle.internal.ImmutableActionSet.mergeFrom(Lorg/gradle/internal/ImmutableActionSet;)Lorg/gradle/internal/ImmutableActionSet; @ 8
Event: 10.558 Thread 0x0000020868e57800 Uncommon trap: reason=bimorphic action=maybe_recompile pc=0x00000208545dddc0 method=org.gradle.internal.ImmutableActionSet.mergeFrom(Lorg/gradle/internal/ImmutableActionSet;)Lorg/gradle/internal/ImmutableActionSet; @ 8
Event: 10.558 Thread 0x0000020868e57800 Uncommon trap: reason=bimorphic action=maybe_recompile pc=0x0000020853399904 method=java.util.regex.Pattern$Slice.match(Ljava/util/regex/Matcher;ILjava/lang/CharSequence;)Z @ 75
Event: 10.559 Thread 0x0000020868e57800 Uncommon trap: reason=bimorphic action=maybe_recompile pc=0x0000020853396800 method=java.util.regex.Pattern$Slice.match(Ljava/util/regex/Matcher;ILjava/lang/CharSequence;)Z @ 75
Event: 10.626 Thread 0x0000020868e57800 Uncommon trap: reason=unstable_if action=reinterpret pc=0x0000020853febce0 method=java.lang.String.lastIndexOf([CII[CIII)I @ 118
Event: 10.651 Thread 0x0000020868e57800 Uncommon trap: reason=unstable_if action=reinterpret pc=0x0000020853bf305c method=java.util.LinkedHashMap.afterNodeInsertion(Z)V @ 18
Event: 10.710 Thread 0x0000020868e57800 Uncommon trap: reason=unstable_if action=reinterpret pc=0x000002085470b0cc method=com.esotericsoftware.kryo.io.Output.writeString(Ljava/lang/String;)V @ 93
Event: 10.794 Thread 0x000002086888c000 Uncommon trap: reason=speculate_class_check action=maybe_recompile pc=0x000002085455465c method=java.util.AbstractList.listIterator()Ljava/util/ListIterator; @ 2
Event: 10.936 Thread 0x0000020868e57800 Uncommon trap: reason=unstable_if action=reinterpret pc=0x00000208547e68ec method=java.lang.String.regionMatches(ZILjava/lang/String;II)Z @ 58

Classes redefined (0 events):
No events

Internal exceptions (10 events):
Event: 11.089 Thread 0x0000020868e57800 Exception <a 'java/lang/ClassNotFoundException': org/gradle/api/publication/maven/internal/DefaultMavenRepositoryHandlerConventionBeanInfo> (0x00000000f6431108) thrown at [C:\jenkins\workspace\8-2-build-windows-amd64-cygwin\jdk8u301\1513\hotspot\src\share
Event: 11.089 Thread 0x0000020868e57800 Exception <a 'java/lang/ClassNotFoundException': org/gradle/api/publication/maven/internal/DefaultMavenRepositoryHandlerConventionCustomizer> (0x00000000f64a9730) thrown at [C:\jenkins\workspace\8-2-build-windows-amd64-cygwin\jdk8u301\1513\hotspot\src\sha
Event: 11.098 Thread 0x0000020868e57800 Exception <a 'java/lang/ClassNotFoundException': org/gradle/api/publication/maven/internal/deployer/DefaultGroovyMavenDeployerBeanInfo> (0x00000000f67f4568) thrown at [C:\jenkins\workspace\8-2-build-windows-amd64-cygwin\jdk8u301\1513\hotspot\src\share\vm\
Event: 11.099 Thread 0x0000020868e57800 Exception <a 'java/lang/ClassNotFoundException': org/gradle/api/publication/maven/internal/deployer/BaseMavenDeployerBeanInfo> (0x00000000f685eda8) thrown at [C:\jenkins\workspace\8-2-build-windows-amd64-cygwin\jdk8u301\1513\hotspot\src\share\vm\classfile
Event: 11.100 Thread 0x0000020868e57800 Exception <a 'java/lang/ClassNotFoundException': org/gradle/api/publication/maven/internal/deployer/AbstractMavenResolverBeanInfo> (0x00000000f68cd490) thrown at [C:\jenkins\workspace\8-2-build-windows-amd64-cygwin\jdk8u301\1513\hotspot\src\share\vm\class
Event: 11.100 Thread 0x0000020868e57800 Exception <a 'java/lang/ClassNotFoundException': org/gradle/api/publication/maven/internal/deployer/AbstractMavenResolverCustomizer> (0x00000000f693bc18) thrown at [C:\jenkins\workspace\8-2-build-windows-amd64-cygwin\jdk8u301\1513\hotspot\src\share\vm\cla
Event: 11.101 Thread 0x0000020868e57800 Exception <a 'java/lang/ClassNotFoundException': org/gradle/api/publication/maven/internal/deployer/BaseMavenDeployerCustomizer> (0x00000000f69df918) thrown at [C:\jenkins\workspace\8-2-build-windows-amd64-cygwin\jdk8u301\1513\hotspot\src\share\vm\classfi
Event: 11.102 Thread 0x0000020868e57800 Exception <a 'java/lang/ClassNotFoundException': org/gradle/api/publication/maven/internal/deployer/DefaultGroovyMavenDeployerCustomizer> (0x00000000f6a8e530) thrown at [C:\jenkins\workspace\8-2-build-windows-amd64-cygwin\jdk8u301\1513\hotspot\src\share\v
Event: 11.104 Thread 0x0000020868e57800 Exception <a 'java/lang/ClassNotFoundException': org/gradle/api/internal/artifacts/repositories/DefaultMavenLocalArtifactRepository_DecoratedBeanInfo> (0x00000000f6b69110) thrown at [C:\jenkins\workspace\8-2-build-windows-amd64-cygwin\jdk8u301\1513\hotspo
Event: 11.105 Thread 0x0000020868e57800 Exception <a 'java/lang/ClassNotFoundException': org/gradle/api/internal/artifacts/repositories/DefaultMavenLocalArtifactRepositoryBeanInfo> (0x00000000f6bdf550) thrown at [C:\jenkins\workspace\8-2-build-windows-amd64-cygwin\jdk8u301\1513\hotspot\src\shar

Events (10 events):
Event: 11.104 loading class org/gradle/api/internal/artifacts/repositories/DefaultMavenLocalArtifactRepositoryBeanInfo
Event: 11.104 loading class org/gradle/api/internal/artifacts/repositories/DefaultMavenLocalArtifactRepositoryBeanInfo done
Event: 11.105 loading class org/gradle/api/internal/artifacts/repositories/DefaultMavenLocalArtifactRepositoryBeanInfo
Event: 11.105 loading class org/gradle/api/internal/artifacts/repositories/DefaultMavenLocalArtifactRepositoryBeanInfo done
Event: 11.105 loading class org/gradle/api/internal/artifacts/repositories/DefaultMavenLocalArtifactRepositoryCustomizer
Event: 11.105 loading class org/gradle/api/internal/artifacts/repositories/DefaultMavenLocalArtifactRepositoryCustomizer done
Event: 11.105 loading class org/gradle/api/internal/artifacts/repositories/DefaultMavenLocalArtifactRepositoryCustomizer
Event: 11.105 loading class org/gradle/api/internal/artifacts/repositories/DefaultMavenLocalArtifactRepositoryCustomizer done
Event: 11.105 loading class org/gradle/api/internal/artifacts/repositories/DefaultMavenLocalArtifactRepositoryCustomizer
Event: 11.105 loading class org/gradle/api/internal/artifacts/repositories/DefaultMavenLocalArtifactRepositoryCustomizer done


Dynamic libraries:
0x00007ff6c84e0000 - 0x00007ff6c8527000 	C:\Program Files\Java\jdk1.8.0_301\bin\java.exe
0x00007ffaf4b00000 - 0x00007ffaf4d07000 	C:\Windows\SYSTEM32\ntdll.dll
0x00007ffaf3ac0000 - 0x00007ffaf3b7d000 	C:\Windows\System32\KERNEL32.DLL
0x00007ffaf2020000 - 0x00007ffaf2392000 	C:\Windows\System32\KERNELBASE.dll
0x00007ffaf4900000 - 0x00007ffaf49ac000 	C:\Windows\System32\ADVAPI32.dll
0x00007ffaf3d20000 - 0x00007ffaf3dc3000 	C:\Windows\System32\msvcrt.dll
0x00007ffaf29d0000 - 0x00007ffaf2a6d000 	C:\Windows\System32\sechost.dll
0x00007ffaf3040000 - 0x00007ffaf3161000 	C:\Windows\System32\RPCRT4.dll
0x00007ffaf2e90000 - 0x00007ffaf303c000 	C:\Windows\System32\USER32.dll
0x00007ffaf2650000 - 0x00007ffaf2676000 	C:\Windows\System32\win32u.dll
0x00007ffaf3610000 - 0x00007ffaf3639000 	C:\Windows\System32\GDI32.dll
0x00007ffaf2410000 - 0x00007ffaf2522000 	C:\Windows\System32\gdi32full.dll
0x00007ffaf2530000 - 0x00007ffaf25cd000 	C:\Windows\System32\msvcp_win.dll
0x00007ffaf2680000 - 0x00007ffaf2791000 	C:\Windows\System32\ucrtbase.dll
0x00007ffad26f0000 - 0x00007ffad2995000 	C:\Windows\WinSxS\amd64_microsoft.windows.common-controls_6595b64144ccf1df_6.0.21996.1_none_7d6b053978bcd706\COMCTL32.dll
0x00007ffaf31e0000 - 0x00007ffaf3211000 	C:\Windows\System32\IMM32.DLL
0x00007ffae8dc0000 - 0x00007ffae8dd5000 	C:\Program Files\Java\jdk1.8.0_301\jre\bin\vcruntime140.dll
0x00007ffac4eb0000 - 0x00007ffac4f4b000 	C:\Program Files\Java\jdk1.8.0_301\jre\bin\msvcp140.dll
0x0000000059af0000 - 0x000000005a350000 	C:\Program Files\Java\jdk1.8.0_301\jre\bin\server\jvm.dll
0x00007ffaf47d0000 - 0x00007ffaf47d8000 	C:\Windows\System32\PSAPI.DLL
0x00007ffaee900000 - 0x00007ffaee909000 	C:\Windows\SYSTEM32\WSOCK32.dll
0x00007ffaeba90000 - 0x00007ffaebac3000 	C:\Windows\SYSTEM32\WINMM.dll
0x00007ffaefe10000 - 0x00007ffaefe1a000 	C:\Windows\SYSTEM32\VERSION.dll
0x00007ffaf3220000 - 0x00007ffaf328f000 	C:\Windows\System32\WS2_32.dll
0x00007ffaf1240000 - 0x00007ffaf1257000 	C:\Windows\SYSTEM32\kernel.appcore.dll
0x00007ffaed510000 - 0x00007ffaed520000 	C:\Program Files\Java\jdk1.8.0_301\jre\bin\verify.dll
0x00007ffadc0e0000 - 0x00007ffadc10b000 	C:\Program Files\Java\jdk1.8.0_301\jre\bin\java.dll
0x00007ffadbdf0000 - 0x00007ffadbe08000 	C:\Program Files\Java\jdk1.8.0_301\jre\bin\zip.dll
0x00007ffaf3dd0000 - 0x00007ffaf4539000 	C:\Windows\System32\SHELL32.dll
0x00007ffaf01f0000 - 0x00007ffaf0a48000 	C:\Windows\SYSTEM32\windows.storage.dll
0x00007ffaf3290000 - 0x00007ffaf3605000 	C:\Windows\System32\combase.dll
0x00007ffaf0080000 - 0x00007ffaf01e6000 	C:\Windows\SYSTEM32\wintypes.dll
0x00007ffaf46e0000 - 0x00007ffaf47ca000 	C:\Windows\System32\SHCORE.dll
0x00007ffaf2e30000 - 0x00007ffaf2e8d000 	C:\Windows\System32\shlwapi.dll
0x00007ffaf1f50000 - 0x00007ffaf1f71000 	C:\Windows\SYSTEM32\profapi.dll
0x00007ffadbcf0000 - 0x00007ffadbd0c000 	C:\Program Files\Java\jdk1.8.0_301\jre\bin\net.dll
0x00007ffaf1650000 - 0x00007ffaf16b7000 	C:\Windows\system32\mswsock.dll
0x00007ffadafe0000 - 0x00007ffadaff3000 	C:\Program Files\Java\jdk1.8.0_301\jre\bin\nio.dll
0x00007ffada840000 - 0x00007ffada866000 	C:\Users\Athos\.gradle\native\fdc75f09e3144964f2cf3f50f0aa648679c211496f362492102eb8c894070792\windows-amd64\native-platform.dll
0x00007ffac4d10000 - 0x00007ffac4ea1000 	C:\Users\Athos\.gradle\native\12488b8bf47d2d4c9fbf2f6322a914ad602e24e48041cd04a747c6da556b65c4\windows-amd64\native-platform-file-events.dll
0x00007ffaed420000 - 0x00007ffaed42d000 	C:\Program Files\Java\jdk1.8.0_301\jre\bin\management.dll
0x00007ffaf1890000 - 0x00007ffaf18a8000 	C:\Windows\SYSTEM32\CRYPTSP.dll
0x00007ffaf11a0000 - 0x00007ffaf11d5000 	C:\Windows\system32\rsaenh.dll
0x00007ffaf1740000 - 0x00007ffaf1769000 	C:\Windows\SYSTEM32\USERENV.dll
0x00007ffaf1a10000 - 0x00007ffaf1a37000 	C:\Windows\SYSTEM32\bcrypt.dll
0x00007ffaf25d0000 - 0x00007ffaf2650000 	C:\Windows\System32\bcryptprimitives.dll
0x00007ffaf18b0000 - 0x00007ffaf18bc000 	C:\Windows\SYSTEM32\CRYPTBASE.dll
0x00007ffaf0d80000 - 0x00007ffaf0dad000 	C:\Windows\SYSTEM32\IPHLPAPI.DLL
0x00007ffaf3ab0000 - 0x00007ffaf3ab9000 	C:\Windows\System32\NSI.dll
0x00007ffaeda40000 - 0x00007ffaeda59000 	C:\Windows\SYSTEM32\dhcpcsvc6.DLL
0x00007ffaed020000 - 0x00007ffaed03e000 	C:\Windows\SYSTEM32\dhcpcsvc.DLL
0x00007ffaf0db0000 - 0x00007ffaf0e95000 	C:\Windows\SYSTEM32\DNSAPI.dll
0x00007ffaec490000 - 0x00007ffaec49c000 	C:\Windows\SYSTEM32\WINNSI.DLL
0x00007ffae94e0000 - 0x00007ffae9701000 	C:\Windows\SYSTEM32\dbghelp.dll

VM Arguments:
jvm_args: -XX:MaxMetaspaceSize=256m -XX:+HeapDumpOnOutOfMemoryError -Xms256m -Xmx512m -Dfile.encoding=windows-1252 -Duser.country=US -Duser.language=en -Duser.variant 
java_command: org.gradle.launcher.daemon.bootstrap.GradleDaemon 6.7
java_class_path (initial): C:\Users\Athos\.gradle\wrapper\dists\gradle-6.7-all\cuy9mc7upwgwgeb72wkcrupxe\gradle-6.7\lib\gradle-launcher-6.7.jar
Launcher Type: SUN_STANDARD

Environment Variables:
JAVA_HOME=C:\Program Files\Java\jdk1.8.0_301
CLASSPATH=C:\Users\Athos\Documents\GitHub\ReactNative-PhoneProject\android\\gradle\wrapper\gradle-wrapper.jar
USERNAME=Athos
OS=Windows_NT
PROCESSOR_IDENTIFIER=AMD64 Family 23 Model 113 Stepping 0, AuthenticAMD



---------------  S Y S T E M  ---------------

OS: Windows 10.0 , 64 bit Build 21996 (10.0.21996.1)

CPU:total 16 (initial active 16) (16 cores per cpu, 1 threads per core) family 23 model 113 stepping 0, cmov, cx8, fxsr, mmx, sse, sse2, sse3, ssse3, sse4.1, sse4.2, popcnt, avx, avx2, aes, clmul, mmxext, 3dnowpref, lzcnt, sse4a, tsc, tscinvbit, tscinv, bmi1

Memory: 4k page, physical 8313192k(2595336k free), swap 8313192k(5136k free)

vm_info: Java HotSpot(TM) 64-Bit Server VM (25.301-b09) for windows-amd64 JRE (1.8.0_301-b09), built on Jun  9 2021 06:46:21 by "java_re" with MS VC++ 15.9 (VS2017)

time: Tue Feb 15 20:15:09 2022
timezone: SA Eastern Standard Time
elapsed time: 11.132671 seconds (0d 0h 0m 11s)

