#
# There is insufficient memory for the Java Runtime Environment to continue.
# Native memory allocation (malloc) failed to allocate 32744 bytes for ChunkPool::allocate
# Possible reasons:
#   The system is out of physical RAM or swap space
#   The process is running with CompressedOops enabled, and the Java Heap may be blocking the growth of the native heap
# Possible solutions:
#   Reduce memory load on the system
#   Increase physical memory or swap space
#   Check if swap backing store is full
#   Decrease Java heap size (-Xmx/-Xms)
#   Decrease number of Java threads
#   Decrease Java thread stack sizes (-Xss)
#   Set larger code cache with -XX:ReservedCodeCacheSize=
#   JVM is running with Unscaled Compressed Oops mode in which the Java heap is
#     placed in the first 4GB address space. The Java Heap base address is the
#     maximum limit for the native heap growth. Please use -XX:HeapBaseMinAddress
#     to set the Java Heap base and to place the Java Heap above 4GB virtual address.
# This output file may be truncated or incomplete.
#
#  Out of Memory Error (allocation.cpp:272), pid=12476, tid=0x0000000000003bec
#
# JRE version: Java(TM) SE Runtime Environment (8.0_301-b09) (build 1.8.0_301-b09)
# Java VM: Java HotSpot(TM) 64-Bit Server VM (25.301-b09 mixed mode windows-amd64 compressed oops)
# Failed to write core dump. Minidumps are not enabled by default on client versions of Windows
#

---------------  T H R E A D  ---------------

Current thread (0x000002a000589000):  JavaThread "C2 CompilerThread2" daemon [_thread_in_native, id=15340, stack(0x000000c4a6800000,0x000000c4a6900000)]

Stack: [0x000000c4a6800000,0x000000c4a6900000]
Native frames: (J=compiled Java code, j=interpreted, Vv=VM code, C=native code)
V  [jvm.dll+0x32ed79]


Current CompileTask:
C2:  25350 1507       4       org.gradle.internal.logging.text.AbstractLineChoppingStyledTextOutput$2::execute (73 bytes)


---------------  P R O C E S S  ---------------

Java Threads: ( => current thread )
  0x000002a0014c8800 JavaThread "DisconnectableInputStream source reader" daemon [_thread_in_native, id=6456, stack(0x000000c4a7800000,0x000000c4a7900000)]
  0x000002a00152b000 JavaThread "pool-1-thread-1" [_thread_blocked, id=12396, stack(0x000000c4a7400000,0x000000c4a7500000)]
  0x000002a00067f800 JavaThread "Service Thread" daemon [_thread_blocked, id=3120, stack(0x000000c4a7200000,0x000000c4a7300000)]
  0x000002a000598000 JavaThread "C1 CompilerThread11" daemon [_thread_blocked, id=13192, stack(0x000000c4a7100000,0x000000c4a7200000)]
  0x000002a00059c800 JavaThread "C1 CompilerThread10" daemon [_thread_blocked, id=13196, stack(0x000000c4a7000000,0x000000c4a7100000)]
  0x000002a000599800 JavaThread "C1 CompilerThread9" daemon [_thread_blocked, id=13184, stack(0x000000c4a6f00000,0x000000c4a7000000)]
  0x000002a00059b800 JavaThread "C1 CompilerThread8" daemon [_thread_blocked, id=13012, stack(0x000000c4a6e00000,0x000000c4a6f00000)]
  0x000002a000597000 JavaThread "C2 CompilerThread7" daemon [_thread_blocked, id=13180, stack(0x000000c4a6d00000,0x000000c4a6e00000)]
  0x000002a000596800 JavaThread "C2 CompilerThread6" daemon [_thread_blocked, id=13188, stack(0x000000c4a6c00000,0x000000c4a6d00000)]
  0x000002a000598800 JavaThread "C2 CompilerThread5" daemon [_thread_blocked, id=12956, stack(0x000000c4a6b00000,0x000000c4a6c00000)]
  0x000002a00059d000 JavaThread "C2 CompilerThread4" daemon [_thread_blocked, id=3476, stack(0x000000c4a6a00000,0x000000c4a6b00000)]
  0x000002a00059b000 JavaThread "C2 CompilerThread3" daemon [_thread_blocked, id=3484, stack(0x000000c4a6900000,0x000000c4a6a00000)]
=>0x000002a000589000 JavaThread "C2 CompilerThread2" daemon [_thread_in_native, id=15340, stack(0x000000c4a6800000,0x000000c4a6900000)]
  0x000002a000585800 JavaThread "C2 CompilerThread1" daemon [_thread_blocked, id=14996, stack(0x000000c4a6700000,0x000000c4a6800000)]
  0x000002a000581800 JavaThread "C2 CompilerThread0" daemon [_thread_blocked, id=7608, stack(0x000000c4a6600000,0x000000c4a6700000)]
  0x000002a000580000 JavaThread "Attach Listener" daemon [_thread_blocked, id=13016, stack(0x000000c4a6500000,0x000000c4a6600000)]
  0x000002a07d7fe800 JavaThread "Signal Dispatcher" daemon [_thread_blocked, id=13020, stack(0x000000c4a6400000,0x000000c4a6500000)]
  0x000002a000571000 JavaThread "Finalizer" daemon [_thread_blocked, id=9408, stack(0x000000c4a6300000,0x000000c4a6400000)]
  0x000002a07d7e2000 JavaThread "Reference Handler" daemon [_thread_blocked, id=14572, stack(0x000000c4a6200000,0x000000c4a6300000)]
  0x000002a06bd60800 JavaThread "main" [_thread_in_native, id=3568, stack(0x000000c4a5300000,0x000000c4a5400000)]

Other Threads:
  0x000002a07d7d8000 VMThread [stack: 0x000000c4a6100000,0x000000c4a6200000] [id=14496]
  0x000002a00066c800 WatcherThread [stack: 0x000000c4a7300000,0x000000c4a7400000] [id=3344]

VM state:not at safepoint (normal execution)

VM Mutex/Monitor currently owned by a thread: None

heap address: 0x00000000fc000000, size: 64 MB, Compressed Oops mode: 32-bit
Narrow klass base: 0x0000000000000000, Narrow klass shift: 3
Compressed class space size: 1073741824 Address: 0x0000000100000000

Heap:
 PSYoungGen      total 18944K, used 9565K [0x00000000feb00000, 0x0000000100000000, 0x0000000100000000)
  eden space 16384K, 42% used [0x00000000feb00000,0x00000000ff1df3e8,0x00000000ffb00000)
  from space 2560K, 98% used [0x00000000ffb00000,0x00000000ffd78020,0x00000000ffd80000)
  to   space 2560K, 0% used [0x00000000ffd80000,0x00000000ffd80000,0x0000000100000000)
 ParOldGen       total 44032K, used 3838K [0x00000000fc000000, 0x00000000feb00000, 0x00000000feb00000)
  object space 44032K, 8% used [0x00000000fc000000,0x00000000fc3bfa58,0x00000000feb00000)
 Metaspace       used 12886K, capacity 13188K, committed 13312K, reserved 1060864K
  class space    used 1682K, capacity 1782K, committed 1792K, reserved 1048576K

Card table byte_map: [0x000002a07ca80000,0x000002a07cab0000] byte_map_base: 0x000002a07c2a0000

Marking Bits: (ParMarkBitMap*) 0x000000005a1f7fe0
 Begin Bits: [0x000002a07cad0000, 0x000002a07cbd0000)
 End Bits:   [0x000002a07cbd0000, 0x000002a07ccd0000)

Polling page: 0x000002a06d690000

CodeCache: size=245760Kb used=6541Kb max_used=6562Kb free=239218Kb
 bounds [0x000002a06d6c0000, 0x000002a06dd30000, 0x000002a07c6c0000]
 total_blobs=1888 nmethods=1505 adapters=293
 compilation: enabled

Compilation events (10 events):
Event: 25.348 Thread 0x000002a00059b800 nmethod 1497 0x000002a06dd1cd10 code [0x000002a06dd1cee0, 0x000002a06dd1d630]
Event: 25.348 Thread 0x000002a00059c800 nmethod 1501 0x000002a06dd1da10 code [0x000002a06dd1dba0, 0x000002a06dd1dec0]
Event: 25.348 Thread 0x000002a000599800 nmethod 1496 0x000002a06dd1e010 code [0x000002a06dd1e1e0, 0x000002a06dd1e990]
Event: 25.348 Thread 0x000002a00059b800 1503       3       sun.nio.cs.SingleByte$Encoder::encodeArrayLoop (236 bytes)
Event: 25.348 Thread 0x000002a000598000 nmethod 1500 0x000002a06dd1ee50 code [0x000002a06dd1efe0, 0x000002a06dd1f560]
Event: 25.348 Thread 0x000002a00059d000 1504       4       org.gradle.internal.logging.text.AbstractLineChoppingStyledTextOutput$StateContext::hasChar (22 bytes)
Event: 25.348 Thread 0x000002a000598800 1505       4       org.gradle.internal.logging.text.AbstractLineChoppingStyledTextOutput$1::execute (9 bytes)
Event: 25.348 Thread 0x000002a00059b000 1506       4       org.gradle.internal.logging.text.AbstractLineChoppingStyledTextOutput$1::execute (130 bytes)
Event: 25.348 Thread 0x000002a00059d000 nmethod 1504 0x000002a06dcfeed0 code [0x000002a06dcff000, 0x000002a06dcff078]
Event: 25.348 Thread 0x000002a000589000 1507       4       org.gradle.internal.logging.text.AbstractLineChoppingStyledTextOutput$2::execute (73 bytes)

GC Heap History (6 events):
Event: 0.291 GC heap before
{Heap before GC invocations=1 (full 0):
 PSYoungGen      total 18944K, used 16384K [0x00000000feb00000, 0x0000000100000000, 0x0000000100000000)
  eden space 16384K, 100% used [0x00000000feb00000,0x00000000ffb00000,0x00000000ffb00000)
  from space 2560K, 0% used [0x00000000ffd80000,0x00000000ffd80000,0x0000000100000000)
  to   space 2560K, 0% used [0x00000000ffb00000,0x00000000ffb00000,0x00000000ffd80000)
 ParOldGen       total 44032K, used 0K [0x00000000fc000000, 0x00000000feb00000, 0x00000000feb00000)
  object space 44032K, 0% used [0x00000000fc000000,0x00000000fc000000,0x00000000feb00000)
 Metaspace       used 5964K, capacity 6174K, committed 6528K, reserved 1056768K
  class space    used 704K, capacity 781K, committed 896K, reserved 1048576K
Event: 0.293 GC heap after
Heap after GC invocations=1 (full 0):
 PSYoungGen      total 18944K, used 2533K [0x00000000feb00000, 0x0000000100000000, 0x0000000100000000)
  eden space 16384K, 0% used [0x00000000feb00000,0x00000000feb00000,0x00000000ffb00000)
  from space 2560K, 98% used [0x00000000ffb00000,0x00000000ffd796f8,0x00000000ffd80000)
  to   space 2560K, 0% used [0x00000000ffd80000,0x00000000ffd80000,0x0000000100000000)
 ParOldGen       total 44032K, used 8K [0x00000000fc000000, 0x00000000feb00000, 0x00000000feb00000)
  object space 44032K, 0% used [0x00000000fc000000,0x00000000fc002000,0x00000000feb00000)
 Metaspace       used 5964K, capacity 6174K, committed 6528K, reserved 1056768K
  class space    used 704K, capacity 781K, committed 896K, reserved 1048576K
}
Event: 0.422 GC heap before
{Heap before GC invocations=2 (full 0):
 PSYoungGen      total 18944K, used 18915K [0x00000000feb00000, 0x0000000100000000, 0x0000000100000000)
  eden space 16384K, 99% used [0x00000000feb00000,0x00000000ffaff820,0x00000000ffb00000)
  from space 2560K, 98% used [0x00000000ffb00000,0x00000000ffd796f8,0x00000000ffd80000)
  to   space 2560K, 0% used [0x00000000ffd80000,0x00000000ffd80000,0x0000000100000000)
 ParOldGen       total 44032K, used 8K [0x00000000fc000000, 0x00000000feb00000, 0x00000000feb00000)
  object space 44032K, 0% used [0x00000000fc000000,0x00000000fc002000,0x00000000feb00000)
 Metaspace       used 8683K, capacity 8978K, committed 9216K, reserved 1056768K
  class space    used 1153K, capacity 1251K, committed 1280K, reserved 1048576K
Event: 0.424 GC heap after
Heap after GC invocations=2 (full 0):
 PSYoungGen      total 18944K, used 2528K [0x00000000feb00000, 0x0000000100000000, 0x0000000100000000)
  eden space 16384K, 0% used [0x00000000feb00000,0x00000000feb00000,0x00000000ffb00000)
  from space 2560K, 98% used [0x00000000ffd80000,0x00000000ffff8020,0x0000000100000000)
  to   space 2560K, 0% used [0x00000000ffb00000,0x00000000ffb00000,0x00000000ffd80000)
 ParOldGen       total 44032K, used 1507K [0x00000000fc000000, 0x00000000feb00000, 0x00000000feb00000)
  object space 44032K, 3% used [0x00000000fc000000,0x00000000fc178e30,0x00000000feb00000)
 Metaspace       used 8683K, capacity 8978K, committed 9216K, reserved 1056768K
  class space    used 1153K, capacity 1251K, committed 1280K, reserved 1048576K
}
Event: 2.646 GC heap before
{Heap before GC invocations=3 (full 0):
 PSYoungGen      total 18944K, used 18912K [0x00000000feb00000, 0x0000000100000000, 0x0000000100000000)
  eden space 16384K, 100% used [0x00000000feb00000,0x00000000ffb00000,0x00000000ffb00000)
  from space 2560K, 98% used [0x00000000ffd80000,0x00000000ffff8020,0x0000000100000000)
  to   space 2560K, 0% used [0x00000000ffb00000,0x00000000ffb00000,0x00000000ffd80000)
 ParOldGen       total 44032K, used 1507K [0x00000000fc000000, 0x00000000feb00000, 0x00000000feb00000)
  object space 44032K, 3% used [0x00000000fc000000,0x00000000fc178e30,0x00000000feb00000)
 Metaspace       used 11356K, capacity 11750K, committed 11904K, reserved 1058816K
  class space    used 1513K, capacity 1641K, committed 1664K, reserved 1048576K
Event: 2.649 GC heap after
Heap after GC invocations=3 (full 0):
 PSYoungGen      total 18944K, used 2528K [0x00000000feb00000, 0x0000000100000000, 0x0000000100000000)
  eden space 16384K, 0% used [0x00000000feb00000,0x00000000feb00000,0x00000000ffb00000)
  from space 2560K, 98% used [0x00000000ffb00000,0x00000000ffd78020,0x00000000ffd80000)
  to   space 2560K, 0% used [0x00000000ffd80000,0x00000000ffd80000,0x0000000100000000)
 ParOldGen       total 44032K, used 3838K [0x00000000fc000000, 0x00000000feb00000, 0x00000000feb00000)
  object space 44032K, 8% used [0x00000000fc000000,0x00000000fc3bfa58,0x00000000feb00000)
 Metaspace       used 11356K, capacity 11750K, committed 11904K, reserved 1058816K
  class space    used 1513K, capacity 1641K, committed 1664K, reserved 1048576K
}

Deoptimization events (10 events):
Event: 0.349 Thread 0x000002a06bd60800 Uncommon trap: reason=unstable_if action=reinterpret pc=0x000002a06db1d354 method=sun.misc.MetaIndex.mayContain(Ljava/lang/String;)Z @ 38
Event: 0.461 Thread 0x000002a06bd60800 Uncommon trap: reason=unstable_if action=reinterpret pc=0x000002a06db47a74 method=java.util.HashMap.getNode(ILjava/lang/Object;)Ljava/util/HashMap$Node; @ 129
Event: 0.461 Thread 0x000002a06bd60800 Uncommon trap: reason=class_check action=maybe_recompile pc=0x000002a06db94f84 method=java.util.HashMap.putVal(ILjava/lang/Object;Ljava/lang/Object;ZZ)Ljava/lang/Object; @ 203
Event: 0.502 Thread 0x000002a06bd60800 Uncommon trap: reason=unstable_if action=reinterpret pc=0x000002a06dafe2a8 method=java.io.WinNTFileSystem.normalize(Ljava/lang/String;)Ljava/lang/String; @ 128
Event: 2.662 Thread 0x000002a00151f800 Uncommon trap: reason=unstable_if action=reinterpret pc=0x000002a06db29cf8 method=java.util.HashMap.getNode(ILjava/lang/Object;)Ljava/util/HashMap$Node; @ 129
Event: 2.662 Thread 0x000002a00151f800 Uncommon trap: reason=class_check action=maybe_recompile pc=0x000002a06db94f84 method=java.util.HashMap.putVal(ILjava/lang/Object;Ljava/lang/Object;ZZ)Ljava/lang/Object; @ 203
Event: 2.662 Thread 0x000002a00151f800 Uncommon trap: reason=class_check action=maybe_recompile pc=0x000002a06db94f84 method=java.util.HashMap.putVal(ILjava/lang/Object;Ljava/lang/Object;ZZ)Ljava/lang/Object; @ 203
Event: 24.895 Thread 0x000002a06bd60800 Uncommon trap: reason=unstable_if action=reinterpret pc=0x000002a06dcd3700 method=com.esotericsoftware.kryo.io.Input.require(I)I @ 65
Event: 24.895 Thread 0x000002a06bd60800 Uncommon trap: reason=unstable_if action=reinterpret pc=0x000002a06dcf1ed4 method=com.esotericsoftware.kryo.io.Input.readUtf8(I)V @ 79
Event: 25.340 Thread 0x000002a06bd60800 Uncommon trap: reason=unstable_if action=reinterpret pc=0x000002a06dd0bf28 method=com.esotericsoftware.kryo.io.Input.require(I)I @ 180

Classes redefined (0 events):
No events

Internal exceptions (10 events):
Event: 0.440 Thread 0x000002a06bd60800 Exception <a 'java/lang/ArrayIndexOutOfBoundsException'> (0x00000000feda5c50) thrown at [C:\jenkins\workspace\8-2-build-windows-amd64-cygwin\jdk8u301\1513\hotspot\src\share\vm\runtime\sharedRuntime.cpp, line 609]
Event: 0.440 Thread 0x000002a06bd60800 Exception <a 'java/lang/ArrayIndexOutOfBoundsException'> (0x00000000feda6ea0) thrown at [C:\jenkins\workspace\8-2-build-windows-amd64-cygwin\jdk8u301\1513\hotspot\src\share\vm\runtime\sharedRuntime.cpp, line 609]
Event: 0.440 Thread 0x000002a06bd60800 Exception <a 'java/lang/ArrayIndexOutOfBoundsException'> (0x00000000feda99b0) thrown at [C:\jenkins\workspace\8-2-build-windows-amd64-cygwin\jdk8u301\1513\hotspot\src\share\vm\runtime\sharedRuntime.cpp, line 609]
Event: 0.440 Thread 0x000002a06bd60800 Exception <a 'java/lang/ArrayIndexOutOfBoundsException'> (0x00000000fedab530) thrown at [C:\jenkins\workspace\8-2-build-windows-amd64-cygwin\jdk8u301\1513\hotspot\src\share\vm\runtime\sharedRuntime.cpp, line 609]
Event: 0.440 Thread 0x000002a06bd60800 Exception <a 'java/lang/ArrayIndexOutOfBoundsException'> (0x00000000fedaedb0) thrown at [C:\jenkins\workspace\8-2-build-windows-amd64-cygwin\jdk8u301\1513\hotspot\src\share\vm\runtime\sharedRuntime.cpp, line 609]
Event: 0.440 Thread 0x000002a06bd60800 Exception <a 'java/lang/ArrayIndexOutOfBoundsException'> (0x00000000fedb1298) thrown at [C:\jenkins\workspace\8-2-build-windows-amd64-cygwin\jdk8u301\1513\hotspot\src\share\vm\runtime\sharedRuntime.cpp, line 609]
Event: 0.440 Thread 0x000002a06bd60800 Exception <a 'java/lang/ArrayIndexOutOfBoundsException'> (0x00000000fedb2500) thrown at [C:\jenkins\workspace\8-2-build-windows-amd64-cygwin\jdk8u301\1513\hotspot\src\share\vm\runtime\sharedRuntime.cpp, line 609]
Event: 2.597 Thread 0x000002a06bd60800 Exception <a 'java/net/ConnectException': Connection refused: no further information> (0x00000000ff61dc78) thrown at [C:\jenkins\workspace\8-2-build-windows-amd64-cygwin\jdk8u301\1513\hotspot\src\share\vm\prims\jni.cpp, line 737]
Event: 25.339 Thread 0x000002a06bd60800 Exception <a 'java/io/IOException'> (0x00000000ff0c63d8) thrown at [C:\jenkins\workspace\8-2-build-windows-amd64-cygwin\jdk8u301\1513\hotspot\src\share\vm\prims\jni.cpp, line 710]
Event: 25.346 Thread 0x000002a0014c6000 Exception <a 'java/io/IOException'> (0x00000000fedfb6e0) thrown at [C:\jenkins\workspace\8-2-build-windows-amd64-cygwin\jdk8u301\1513\hotspot\src\share\vm\prims\jni.cpp, line 710]

Events (10 events):
Event: 25.345 loading class java/util/stream/Sink$ChainedReference
Event: 25.345 loading class java/util/stream/Sink$ChainedReference done
Event: 25.345 loading class java/util/stream/ReferencePipeline$2$1 done
Event: 25.345 loading class org/gradle/internal/logging/ConsoleRenderer
Event: 25.345 loading class org/gradle/internal/logging/ConsoleRenderer done
Event: 25.346 Thread 0x000002a0014c6000 Thread exited: 0x000002a0014c6000
Event: 25.346 loading class org/gradle/internal/remote/internal/inet/SocketConnection$1
Event: 25.346 loading class org/gradle/internal/remote/internal/inet/SocketConnection$1 done
Event: 25.347 loading class java/util/concurrent/ConcurrentLinkedQueue$Itr
Event: 25.347 loading class java/util/concurrent/ConcurrentLinkedQueue$Itr done


Dynamic libraries:
0x00007ff6c84e0000 - 0x00007ff6c8527000 	C:\Program Files\Java\jdk1.8.0_301\bin\java.exe
0x00007ffaf4b00000 - 0x00007ffaf4d07000 	C:\Windows\SYSTEM32\ntdll.dll
0x00007ffaf3ac0000 - 0x00007ffaf3b7d000 	C:\Windows\System32\KERNEL32.DLL
0x00007ffaf2020000 - 0x00007ffaf2392000 	C:\Windows\System32\KERNELBASE.dll
0x00007ffaf4900000 - 0x00007ffaf49ac000 	C:\Windows\System32\ADVAPI32.dll
0x00007ffaf3d20000 - 0x00007ffaf3dc3000 	C:\Windows\System32\msvcrt.dll
0x00007ffaf29d0000 - 0x00007ffaf2a6d000 	C:\Windows\System32\sechost.dll
0x00007ffaf3040000 - 0x00007ffaf3161000 	C:\Windows\System32\RPCRT4.dll
0x00007ffaf2e90000 - 0x00007ffaf303c000 	C:\Windows\System32\USER32.dll
0x00007ffaf2650000 - 0x00007ffaf2676000 	C:\Windows\System32\win32u.dll
0x00007ffaf3610000 - 0x00007ffaf3639000 	C:\Windows\System32\GDI32.dll
0x00007ffaf2410000 - 0x00007ffaf2522000 	C:\Windows\System32\gdi32full.dll
0x00007ffaf2530000 - 0x00007ffaf25cd000 	C:\Windows\System32\msvcp_win.dll
0x00007ffaf2680000 - 0x00007ffaf2791000 	C:\Windows\System32\ucrtbase.dll
0x00007ffad1780000 - 0x00007ffad1a25000 	C:\Windows\WinSxS\amd64_microsoft.windows.common-controls_6595b64144ccf1df_6.0.21996.1_none_7d6b053978bcd706\COMCTL32.dll
0x00007ffaf31e0000 - 0x00007ffaf3211000 	C:\Windows\System32\IMM32.DLL
0x00007ffaebd40000 - 0x00007ffaebd55000 	C:\Program Files\Java\jdk1.8.0_301\jre\bin\vcruntime140.dll
0x00007ffaebca0000 - 0x00007ffaebd3b000 	C:\Program Files\Java\jdk1.8.0_301\jre\bin\msvcp140.dll
0x0000000059a10000 - 0x000000005a270000 	C:\Program Files\Java\jdk1.8.0_301\jre\bin\server\jvm.dll
0x00007ffaf47d0000 - 0x00007ffaf47d8000 	C:\Windows\System32\PSAPI.DLL
0x00007ffaeba90000 - 0x00007ffaebac3000 	C:\Windows\SYSTEM32\WINMM.dll
0x00007ffaebc90000 - 0x00007ffaebc99000 	C:\Windows\SYSTEM32\WSOCK32.dll
0x00007ffaefe10000 - 0x00007ffaefe1a000 	C:\Windows\SYSTEM32\VERSION.dll
0x00007ffaf3220000 - 0x00007ffaf328f000 	C:\Windows\System32\WS2_32.dll
0x00007ffaf1240000 - 0x00007ffaf1257000 	C:\Windows\SYSTEM32\kernel.appcore.dll
0x00007ffaebc80000 - 0x00007ffaebc90000 	C:\Program Files\Java\jdk1.8.0_301\jre\bin\verify.dll
0x00007ffaebbf0000 - 0x00007ffaebc1b000 	C:\Program Files\Java\jdk1.8.0_301\jre\bin\java.dll
0x00007ffaebc60000 - 0x00007ffaebc78000 	C:\Program Files\Java\jdk1.8.0_301\jre\bin\zip.dll
0x00007ffaf3dd0000 - 0x00007ffaf4539000 	C:\Windows\System32\SHELL32.dll
0x00007ffaf01f0000 - 0x00007ffaf0a48000 	C:\Windows\SYSTEM32\windows.storage.dll
0x00007ffaf3290000 - 0x00007ffaf3605000 	C:\Windows\System32\combase.dll
0x00007ffaf0080000 - 0x00007ffaf01e6000 	C:\Windows\SYSTEM32\wintypes.dll
0x00007ffaf46e0000 - 0x00007ffaf47ca000 	C:\Windows\System32\SHCORE.dll
0x00007ffaf2e30000 - 0x00007ffaf2e8d000 	C:\Windows\System32\shlwapi.dll
0x00007ffaf1f50000 - 0x00007ffaf1f71000 	C:\Windows\SYSTEM32\profapi.dll
0x00007ffade6c0000 - 0x00007ffade6dc000 	C:\Program Files\Java\jdk1.8.0_301\jre\bin\net.dll
0x00007ffaf1650000 - 0x00007ffaf16b7000 	C:\Windows\system32\mswsock.dll
0x00007ffade010000 - 0x00007ffade023000 	C:\Program Files\Java\jdk1.8.0_301\jre\bin\nio.dll
0x00007ffadce80000 - 0x00007ffadcea6000 	C:\Users\Athos\.gradle\native\fdc75f09e3144964f2cf3f50f0aa648679c211496f362492102eb8c894070792\windows-amd64\native-platform.dll
0x00007ffad93d0000 - 0x00007ffad9561000 	C:\Users\Athos\.gradle\native\12488b8bf47d2d4c9fbf2f6322a914ad602e24e48041cd04a747c6da556b65c4\windows-amd64\native-platform-file-events.dll
0x00007ffade000000 - 0x00007ffade00a000 	C:\Users\Athos\.gradle\native\jansi\1.18\windows64\jansi.dll
0x00007ffadce70000 - 0x00007ffadce7d000 	C:\Program Files\Java\jdk1.8.0_301\jre\bin\management.dll
0x00007ffaf1890000 - 0x00007ffaf18a8000 	C:\Windows\SYSTEM32\CRYPTSP.dll
0x00007ffaf11a0000 - 0x00007ffaf11d5000 	C:\Windows\system32\rsaenh.dll
0x00007ffaf1740000 - 0x00007ffaf1769000 	C:\Windows\SYSTEM32\USERENV.dll
0x00007ffaf1a10000 - 0x00007ffaf1a37000 	C:\Windows\SYSTEM32\bcrypt.dll
0x00007ffaf25d0000 - 0x00007ffaf2650000 	C:\Windows\System32\bcryptprimitives.dll
0x00007ffaf18b0000 - 0x00007ffaf18bc000 	C:\Windows\SYSTEM32\CRYPTBASE.dll
0x00007ffaf0d80000 - 0x00007ffaf0dad000 	C:\Windows\SYSTEM32\IPHLPAPI.DLL
0x00007ffaf3ab0000 - 0x00007ffaf3ab9000 	C:\Windows\System32\NSI.dll
0x00007ffaeda40000 - 0x00007ffaeda59000 	C:\Windows\SYSTEM32\dhcpcsvc6.DLL
0x00007ffaed020000 - 0x00007ffaed03e000 	C:\Windows\SYSTEM32\dhcpcsvc.DLL
0x00007ffaf0db0000 - 0x00007ffaf0e95000 	C:\Windows\SYSTEM32\DNSAPI.dll
0x00007ffaec490000 - 0x00007ffaec49c000 	C:\Windows\SYSTEM32\WINNSI.DLL

VM Arguments:
jvm_args: -Xmx64m -Xms64m -Dorg.gradle.appname=gradlew 
java_command: org.gradle.wrapper.GradleWrapperMain app:installDebug -PreactNativeDevServerPort=8081
java_class_path (initial): C:\Users\Athos\Documents\GitHub\ReactNative-PhoneProject\android\\gradle\wrapper\gradle-wrapper.jar
Launcher Type: SUN_STANDARD

Environment Variables:
JAVA_HOME=C:\Program Files\Java\jdk1.8.0_301
CLASSPATH=C:\Users\Athos\Documents\GitHub\ReactNative-PhoneProject\android\\gradle\wrapper\gradle-wrapper.jar
USERNAME=Athos
OS=Windows_NT
PROCESSOR_IDENTIFIER=AMD64 Family 23 Model 113 Stepping 0, AuthenticAMD



---------------  S Y S T E M  ---------------

OS: Windows 10.0 , 64 bit Build 21996 (10.0.21996.1)

CPU:total 16 (initial active 16) (16 cores per cpu, 1 threads per core) family 23 model 113 stepping 0, cmov, cx8, fxsr, mmx, sse, sse2, sse3, ssse3, sse4.1, sse4.2, popcnt, avx, avx2, aes, clmul, mmxext, 3dnowpref, lzcnt, sse4a, tsc, tscinvbit, tscinv, bmi1

Memory: 4k page, physical 8313192k(2368220k free), swap 8313192k(468k free)

vm_info: Java HotSpot(TM) 64-Bit Server VM (25.301-b09) for windows-amd64 JRE (1.8.0_301-b09), built on Jun  9 2021 06:46:21 by "java_re" with MS VC++ 15.9 (VS2017)

time: Tue Feb 15 20:05:15 2022
timezone: SA Eastern Standard Time
elapsed time: 25.353945 seconds (0d 0h 0m 25s)

