#
# There is insufficient memory for the Java Runtime Environment to continue.
# Native memory allocation (malloc) failed to allocate 32744 bytes for ChunkPool::allocate
# Possible reasons:
#   The system is out of physical RAM or swap space
#   The process is running with CompressedOops enabled, and the Java Heap may be blocking the growth of the native heap
# Possible solutions:
#   Reduce memory load on the system
#   Increase physical memory or swap space
#   Check if swap backing store is full
#   Decrease Java heap size (-Xmx/-Xms)
#   Decrease number of Java threads
#   Decrease Java thread stack sizes (-Xss)
#   Set larger code cache with -XX:ReservedCodeCacheSize=
#   JVM is running with Unscaled Compressed Oops mode in which the Java heap is
#     placed in the first 4GB address space. The Java Heap base address is the
#     maximum limit for the native heap growth. Please use -XX:HeapBaseMinAddress
#     to set the Java Heap base and to place the Java Heap above 4GB virtual address.
# This output file may be truncated or incomplete.
#
#  Out of Memory Error (allocation.cpp:272), pid=3336, tid=0x0000000000003768
#
# JRE version: Java(TM) SE Runtime Environment (8.0_301-b09) (build 1.8.0_301-b09)
# Java VM: Java HotSpot(TM) 64-Bit Server VM (25.301-b09 mixed mode windows-amd64 compressed oops)
# Failed to write core dump. Minidumps are not enabled by default on client versions of Windows
#

---------------  T H R E A D  ---------------

Current thread (0x00000236c0540800):  JavaThread "main" [_thread_in_vm, id=14184, stack(0x00000052dd800000,0x00000052dd900000)]

Stack: [0x00000052dd800000,0x00000052dd900000]
Native frames: (J=compiled Java code, j=interpreted, Vv=VM code, C=native code)
V  [jvm.dll+0x32ed79]

Java frames: (J=compiled Java code, j=interpreted, Vv=VM code)
J 754  java.lang.ClassLoader.defineClass1(Ljava/lang/String;[BIILjava/security/ProtectionDomain;Ljava/lang/String;)Ljava/lang/Class; (0 bytes) @ 0x00000236c24fea9f [0x00000236c24fea00+0x9f]
J 731 C1 java.lang.ClassLoader.defineClass(Ljava/lang/String;[BIILjava/security/ProtectionDomain;)Ljava/lang/Class; (43 bytes) @ 0x00000236c24f3024 [0x00000236c24f2a40+0x5e4]
J 679 C1 java.net.URLClassLoader.defineClass(Ljava/lang/String;Lsun/misc/Resource;)Ljava/lang/Class; (142 bytes) @ 0x00000236c24bdefc [0x00000236c24bc380+0x1b7c]
J 557 C1 java.net.URLClassLoader$1.run()Ljava/lang/Class; (63 bytes) @ 0x00000236c24672ac [0x00000236c2466fe0+0x2cc]
J 556 C1 java.net.URLClassLoader$1.run()Ljava/lang/Object; (5 bytes) @ 0x00000236c246500c [0x00000236c2464f80+0x8c]
v  ~StubRoutines::call_stub
J 537  java.security.AccessController.doPrivileged(Ljava/security/PrivilegedExceptionAction;Ljava/security/AccessControlContext;)Ljava/lang/Object; (0 bytes) @ 0x00000236c245f726 [0x00000236c245f6c0+0x66]
J 554 C1 java.net.URLClassLoader.findClass(Ljava/lang/String;)Ljava/lang/Class; (47 bytes) @ 0x00000236c2464044 [0x00000236c2463ec0+0x184]
J 153 C1 java.lang.ClassLoader.loadClass(Ljava/lang/String;Z)Ljava/lang/Class; (122 bytes) @ 0x00000236c2379be4 [0x00000236c2379280+0x964]
J 356 C1 java.lang.ClassLoader.loadClass(Ljava/lang/String;)Ljava/lang/Class; (7 bytes) @ 0x00000236c23e1fcc [0x00000236c23e1ec0+0x10c]
v  ~StubRoutines::call_stub
j  org.gradle.internal.logging.services.DefaultStyledTextOutputFactory.create(Ljava/lang/String;Lorg/gradle/api/logging/LogLevel;)Lorg/gradle/internal/logging/text/StyledTextOutput;+0
j  org.gradle.internal.logging.text.AbstractStyledTextOutputFactory.create(Ljava/lang/Class;Lorg/gradle/api/logging/LogLevel;)Lorg/gradle/internal/logging/text/StyledTextOutput;+6
j  org.gradle.internal.buildevents.BuildExceptionReporter.renderSingleBuildException(Ljava/lang/Throwable;)V+9
j  org.gradle.internal.buildevents.BuildExceptionReporter.execute(Ljava/lang/Throwable;)V+27
j  org.gradle.internal.buildevents.BuildExceptionReporter.execute(Ljava/lang/Object;)V+5
j  org.gradle.launcher.cli.ExceptionReportingAction.execute(Lorg/gradle/launcher/bootstrap/ExecutionListener;)V+89
j  org.gradle.launcher.cli.ExceptionReportingAction.execute(Ljava/lang/Object;)V+5
j  org.gradle.launcher.cli.DefaultCommandLineActionFactory$WithLogging.execute(Lorg/gradle/launcher/bootstrap/ExecutionListener;)V+257
j  org.gradle.launcher.Main.doAction([Ljava/lang/String;Lorg/gradle/launcher/bootstrap/ExecutionListener;)V+14
j  org.gradle.launcher.bootstrap.EntryPoint.run([Ljava/lang/String;)V+12
v  ~StubRoutines::call_stub
j  sun.reflect.NativeMethodAccessorImpl.invoke0(Ljava/lang/reflect/Method;Ljava/lang/Object;[Ljava/lang/Object;)Ljava/lang/Object;+0
j  sun.reflect.NativeMethodAccessorImpl.invoke(Ljava/lang/Object;[Ljava/lang/Object;)Ljava/lang/Object;+100
j  sun.reflect.DelegatingMethodAccessorImpl.invoke(Ljava/lang/Object;[Ljava/lang/Object;)Ljava/lang/Object;+6
j  java.lang.reflect.Method.invoke(Ljava/lang/Object;[Ljava/lang/Object;)Ljava/lang/Object;+56
j  org.gradle.launcher.bootstrap.ProcessBootstrap.runNoExit(Ljava/lang/String;[Ljava/lang/String;)V+161
j  org.gradle.launcher.bootstrap.ProcessBootstrap.run(Ljava/lang/String;[Ljava/lang/String;)V+3
j  org.gradle.launcher.GradleMain.main([Ljava/lang/String;)V+36
v  ~StubRoutines::call_stub
j  sun.reflect.NativeMethodAccessorImpl.invoke0(Ljava/lang/reflect/Method;Ljava/lang/Object;[Ljava/lang/Object;)Ljava/lang/Object;+0
j  sun.reflect.NativeMethodAccessorImpl.invoke(Ljava/lang/Object;[Ljava/lang/Object;)Ljava/lang/Object;+100
j  sun.reflect.DelegatingMethodAccessorImpl.invoke(Ljava/lang/Object;[Ljava/lang/Object;)Ljava/lang/Object;+6
j  java.lang.reflect.Method.invoke(Ljava/lang/Object;[Ljava/lang/Object;)Ljava/lang/Object;+56
j  org.gradle.wrapper.BootstrapMainStarter.start([Ljava/lang/String;Ljava/io/File;)V+105
j  org.gradle.wrapper.WrapperExecutor.execute([Ljava/lang/String;Lorg/gradle/wrapper/Install;Lorg/gradle/wrapper/BootstrapMainStarter;)V+14
j  org.gradle.wrapper.GradleWrapperMain.main([Ljava/lang/String;)V+187
v  ~StubRoutines::call_stub

---------------  P R O C E S S  ---------------

Java Threads: ( => current thread )
  0x00000236d61ff800 JavaThread "DisconnectableInputStream source reader" daemon [_thread_in_native, id=3940, stack(0x00000052dfd00000,0x00000052dfe00000)]
  0x00000236d5da9800 JavaThread "pool-1-thread-1" [_thread_blocked, id=4616, stack(0x00000052df900000,0x00000052dfa00000)]
  0x00000236d4f2d000 JavaThread "Service Thread" daemon [_thread_blocked, id=7056, stack(0x00000052df700000,0x00000052df800000)]
  0x00000236d4e3f800 JavaThread "C1 CompilerThread11" daemon [_thread_blocked, id=9228, stack(0x00000052df600000,0x00000052df700000)]
  0x00000236d4e3e800 JavaThread "C1 CompilerThread10" daemon [_thread_blocked, id=11936, stack(0x00000052df500000,0x00000052df600000)]
  0x00000236d4e3e000 JavaThread "C1 CompilerThread9" daemon [_thread_blocked, id=9612, stack(0x00000052df400000,0x00000052df500000)]
  0x00000236d4e42000 JavaThread "C1 CompilerThread8" daemon [_thread_blocked, id=9208, stack(0x00000052df300000,0x00000052df400000)]
  0x00000236d4e3b800 JavaThread "C2 CompilerThread7" daemon [_thread_blocked, id=6808, stack(0x00000052df200000,0x00000052df300000)]
  0x00000236d4e3b000 JavaThread "C2 CompilerThread6" daemon [_thread_in_native, id=5124, stack(0x00000052df100000,0x00000052df200000)]
  0x00000236d4e3d000 JavaThread "C2 CompilerThread5" daemon [_thread_blocked, id=1740, stack(0x00000052df000000,0x00000052df100000)]
  0x00000236d4e3c800 JavaThread "C2 CompilerThread4" daemon [_thread_blocked, id=7636, stack(0x00000052def00000,0x00000052df000000)]
  0x00000236d4e35800 JavaThread "C2 CompilerThread3" daemon [_thread_blocked, id=13676, stack(0x00000052dee00000,0x00000052def00000)]
  0x00000236d212d000 JavaThread "C2 CompilerThread2" daemon [_thread_blocked, id=6528, stack(0x00000052ded00000,0x00000052dee00000)]
  0x00000236d212c000 JavaThread "C2 CompilerThread1" daemon [_thread_blocked, id=12648, stack(0x00000052dec00000,0x00000052ded00000)]
  0x00000236d4e2e000 JavaThread "C2 CompilerThread0" daemon [_thread_blocked, id=3528, stack(0x00000052deb00000,0x00000052dec00000)]
  0x00000236d4e2d000 JavaThread "Attach Listener" daemon [_thread_blocked, id=13308, stack(0x00000052dea00000,0x00000052deb00000)]
  0x00000236d4e28800 JavaThread "Signal Dispatcher" daemon [_thread_blocked, id=8928, stack(0x00000052de900000,0x00000052dea00000)]
  0x00000236d4e10800 JavaThread "Finalizer" daemon [_thread_blocked, id=14956, stack(0x00000052de800000,0x00000052de900000)]
  0x00000236d2116800 JavaThread "Reference Handler" daemon [_thread_blocked, id=11276, stack(0x00000052de700000,0x00000052de800000)]
=>0x00000236c0540800 JavaThread "main" [_thread_in_vm, id=14184, stack(0x00000052dd800000,0x00000052dd900000)]

Other Threads:
  0x00000236d210c000 VMThread [stack: 0x00000052de600000,0x00000052de700000] [id=5732]
  0x00000236d4f10800 WatcherThread [stack: 0x00000052df800000,0x00000052df900000] [id=6804]

VM state:not at safepoint (normal execution)

VM Mutex/Monitor currently owned by a thread: None

heap address: 0x00000000fc000000, size: 64 MB, Compressed Oops mode: 32-bit
Narrow klass base: 0x0000000000000000, Narrow klass shift: 3
Compressed class space size: 1073741824 Address: 0x0000000100000000

Heap:
 PSYoungGen      total 18944K, used 6594K [0x00000000feb00000, 0x0000000100000000, 0x0000000100000000)
  eden space 16384K, 24% used [0x00000000feb00000,0x00000000feef4850,0x00000000ffb00000)
  from space 2560K, 99% used [0x00000000ffb00000,0x00000000ffd7c030,0x00000000ffd80000)
  to   space 2560K, 0% used [0x00000000ffd80000,0x00000000ffd80000,0x0000000100000000)
 ParOldGen       total 44032K, used 3796K [0x00000000fc000000, 0x00000000feb00000, 0x00000000feb00000)
  object space 44032K, 8% used [0x00000000fc000000,0x00000000fc3b52d8,0x00000000feb00000)
 Metaspace       used 12529K, capacity 12846K, committed 13056K, reserved 1062912K
  class space    used 1652K, capacity 1773K, committed 1792K, reserved 1048576K

Card table byte_map: [0x00000236c0800000,0x00000236c0830000] byte_map_base: 0x00000236c0020000

Marking Bits: (ParMarkBitMap*) 0x000000005a2d7fe0
 Begin Bits: [0x00000236d1430000, 0x00000236d1530000)
 End Bits:   [0x00000236d1530000, 0x00000236d1630000)

Polling page: 0x00000236c07d0000

CodeCache: size=245760Kb used=5836Kb max_used=5848Kb free=239923Kb
 bounds [0x00000236c2070000, 0x00000236c2630000, 0x00000236d1070000]
 total_blobs=1595 nmethods=1212 adapters=293
 compilation: enabled

Compilation events (10 events):
Event: 11.791 Thread 0x00000236d4e3b800 1210       4       org.gradle.internal.logging.text.AbstractLineChoppingStyledTextOutput$2::execute (73 bytes)
Event: 11.791 Thread 0x00000236d4e3e000 nmethod 1208 0x00000236c2625090 code [0x00000236c26251e0, 0x00000236c2625398]
Event: 11.791 Thread 0x00000236d4e3d000 nmethod 1207 0x00000236c2625410 code [0x00000236c2625560, 0x00000236c2625658]
Event: 11.791 Thread 0x00000236d4e3f800 1211       3       java.nio.charset.CoderResult::isUnderflow (13 bytes)
Event: 11.791 Thread 0x00000236d4e3b000 1213       4       org.gradle.internal.logging.text.AbstractLineChoppingStyledTextOutput$1::execute (9 bytes)
Event: 11.791 Thread 0x00000236d4e3c800 nmethod 1209 0x00000236c2625790 code [0x00000236c26258c0, 0x00000236c2625938]
Event: 11.791 Thread 0x00000236d4e42000 1212       3       java.nio.ByteBuffer::array (35 bytes)
Event: 11.791 Thread 0x00000236d4e3c800 1214       4       org.gradle.internal.logging.text.AbstractLineChoppingStyledTextOutput$1::execute (130 bytes)
Event: 11.791 Thread 0x00000236d4e3f800 nmethod 1211 0x00000236c2624d10 code [0x00000236c2624e60, 0x00000236c2625018]
Event: 11.791 Thread 0x00000236d4e42000 nmethod 1212 0x00000236c2624710 code [0x00000236c26248a0, 0x00000236c2624bc0]

GC Heap History (6 events):
Event: 0.271 GC heap before
{Heap before GC invocations=1 (full 0):
 PSYoungGen      total 18944K, used 16384K [0x00000000feb00000, 0x0000000100000000, 0x0000000100000000)
  eden space 16384K, 100% used [0x00000000feb00000,0x00000000ffb00000,0x00000000ffb00000)
  from space 2560K, 0% used [0x00000000ffd80000,0x00000000ffd80000,0x0000000100000000)
  to   space 2560K, 0% used [0x00000000ffb00000,0x00000000ffb00000,0x00000000ffd80000)
 ParOldGen       total 44032K, used 0K [0x00000000fc000000, 0x00000000feb00000, 0x00000000feb00000)
  object space 44032K, 0% used [0x00000000fc000000,0x00000000fc000000,0x00000000feb00000)
 Metaspace       used 5969K, capacity 6238K, committed 6528K, reserved 1056768K
  class space    used 703K, capacity 781K, committed 896K, reserved 1048576K
Event: 0.273 GC heap after
Heap after GC invocations=1 (full 0):
 PSYoungGen      total 18944K, used 2489K [0x00000000feb00000, 0x0000000100000000, 0x0000000100000000)
  eden space 16384K, 0% used [0x00000000feb00000,0x00000000feb00000,0x00000000ffb00000)
  from space 2560K, 97% used [0x00000000ffb00000,0x00000000ffd6e518,0x00000000ffd80000)
  to   space 2560K, 0% used [0x00000000ffd80000,0x00000000ffd80000,0x0000000100000000)
 ParOldGen       total 44032K, used 16K [0x00000000fc000000, 0x00000000feb00000, 0x00000000feb00000)
  object space 44032K, 0% used [0x00000000fc000000,0x00000000fc004000,0x00000000feb00000)
 Metaspace       used 5969K, capacity 6238K, committed 6528K, reserved 1056768K
  class space    used 703K, capacity 781K, committed 896K, reserved 1048576K
}
Event: 0.397 GC heap before
{Heap before GC invocations=2 (full 0):
 PSYoungGen      total 18944K, used 18873K [0x00000000feb00000, 0x0000000100000000, 0x0000000100000000)
  eden space 16384K, 100% used [0x00000000feb00000,0x00000000ffb00000,0x00000000ffb00000)
  from space 2560K, 97% used [0x00000000ffb00000,0x00000000ffd6e518,0x00000000ffd80000)
  to   space 2560K, 0% used [0x00000000ffd80000,0x00000000ffd80000,0x0000000100000000)
 ParOldGen       total 44032K, used 16K [0x00000000fc000000, 0x00000000feb00000, 0x00000000feb00000)
  object space 44032K, 0% used [0x00000000fc000000,0x00000000fc004000,0x00000000feb00000)
 Metaspace       used 8709K, capacity 9042K, committed 9216K, reserved 1056768K
  class space    used 1153K, capacity 1251K, committed 1280K, reserved 1048576K
Event: 0.400 GC heap after
Heap after GC invocations=2 (full 0):
 PSYoungGen      total 18944K, used 2560K [0x00000000feb00000, 0x0000000100000000, 0x0000000100000000)
  eden space 16384K, 0% used [0x00000000feb00000,0x00000000feb00000,0x00000000ffb00000)
  from space 2560K, 100% used [0x00000000ffd80000,0x0000000100000000,0x0000000100000000)
  to   space 2560K, 0% used [0x00000000ffb00000,0x00000000ffb00000,0x00000000ffd80000)
 ParOldGen       total 44032K, used 1466K [0x00000000fc000000, 0x00000000feb00000, 0x00000000feb00000)
  object space 44032K, 3% used [0x00000000fc000000,0x00000000fc16e9d0,0x00000000feb00000)
 Metaspace       used 8709K, capacity 9042K, committed 9216K, reserved 1056768K
  class space    used 1153K, capacity 1251K, committed 1280K, reserved 1048576K
}
Event: 0.584 GC heap before
{Heap before GC invocations=3 (full 0):
 PSYoungGen      total 18944K, used 18944K [0x00000000feb00000, 0x0000000100000000, 0x0000000100000000)
  eden space 16384K, 100% used [0x00000000feb00000,0x00000000ffb00000,0x00000000ffb00000)
  from space 2560K, 100% used [0x00000000ffd80000,0x0000000100000000,0x0000000100000000)
  to   space 2560K, 0% used [0x00000000ffb00000,0x00000000ffb00000,0x00000000ffd80000)
 ParOldGen       total 44032K, used 1466K [0x00000000fc000000, 0x00000000feb00000, 0x00000000feb00000)
  object space 44032K, 3% used [0x00000000fc000000,0x00000000fc16e9d0,0x00000000feb00000)
 Metaspace       used 11235K, capacity 11578K, committed 11904K, reserved 1058816K
  class space    used 1499K, capacity 1605K, committed 1664K, reserved 1048576K
Event: 0.587 GC heap after
Heap after GC invocations=3 (full 0):
 PSYoungGen      total 18944K, used 2544K [0x00000000feb00000, 0x0000000100000000, 0x0000000100000000)
  eden space 16384K, 0% used [0x00000000feb00000,0x00000000feb00000,0x00000000ffb00000)
  from space 2560K, 99% used [0x00000000ffb00000,0x00000000ffd7c030,0x00000000ffd80000)
  to   space 2560K, 0% used [0x00000000ffd80000,0x00000000ffd80000,0x0000000100000000)
 ParOldGen       total 44032K, used 3796K [0x00000000fc000000, 0x00000000feb00000, 0x00000000feb00000)
  object space 44032K, 8% used [0x00000000fc000000,0x00000000fc3b52d8,0x00000000feb00000)
 Metaspace       used 11235K, capacity 11578K, committed 11904K, reserved 1058816K
  class space    used 1499K, capacity 1605K, committed 1664K, reserved 1048576K
}

Deoptimization events (10 events):
Event: 0.312 Thread 0x00000236c0540800 Uncommon trap: reason=class_check action=maybe_recompile pc=0x00000236c241fddc method=java.util.regex.Matcher.match(II)Z @ 86
Event: 0.312 Thread 0x00000236c0540800 Uncommon trap: reason=class_check action=maybe_recompile pc=0x00000236c241fddc method=java.util.regex.Matcher.match(II)Z @ 86
Event: 0.327 Thread 0x00000236c0540800 Uncommon trap: reason=unstable_if action=reinterpret pc=0x00000236c24e0bd4 method=sun.misc.MetaIndex.mayContain(Ljava/lang/String;)Z @ 38
Event: 0.437 Thread 0x00000236c0540800 Uncommon trap: reason=unstable_if action=reinterpret pc=0x00000236c24f9634 method=java.util.HashMap.getNode(ILjava/lang/Object;)Ljava/util/HashMap$Node; @ 129
Event: 0.437 Thread 0x00000236c0540800 Uncommon trap: reason=class_check action=maybe_recompile pc=0x00000236c254b7c4 method=java.util.HashMap.putVal(ILjava/lang/Object;Ljava/lang/Object;ZZ)Ljava/lang/Object; @ 203
Event: 0.481 Thread 0x00000236c0540800 Uncommon trap: reason=unstable_if action=reinterpret pc=0x00000236c24b7060 method=java.io.WinNTFileSystem.normalize(Ljava/lang/String;)Ljava/lang/String; @ 128
Event: 0.538 Thread 0x00000236c0540800 Uncommon trap: reason=unstable_if action=reinterpret pc=0x00000236c251b4f8 method=sun.misc.MetaIndex.mayContain(Ljava/lang/String;)Z @ 38
Event: 0.601 Thread 0x00000236d56a6000 Uncommon trap: reason=unstable_if action=reinterpret pc=0x00000236c24db2f0 method=java.util.HashMap.getNode(ILjava/lang/Object;)Ljava/util/HashMap$Node; @ 129
Event: 0.601 Thread 0x00000236d56a6000 Uncommon trap: reason=class_check action=maybe_recompile pc=0x00000236c254b7c4 method=java.util.HashMap.putVal(ILjava/lang/Object;Ljava/lang/Object;ZZ)Ljava/lang/Object; @ 203
Event: 0.601 Thread 0x00000236d56a6000 Uncommon trap: reason=class_check action=maybe_recompile pc=0x00000236c254b7c4 method=java.util.HashMap.putVal(ILjava/lang/Object;Ljava/lang/Object;ZZ)Ljava/lang/Object; @ 203

Classes redefined (0 events):
No events

Internal exceptions (10 events):
Event: 0.414 Thread 0x00000236c0540800 Exception <a 'java/lang/ArrayIndexOutOfBoundsException'> (0x00000000fed31210) thrown at [C:\jenkins\workspace\8-2-build-windows-amd64-cygwin\jdk8u301\1513\hotspot\src\share\vm\runtime\sharedRuntime.cpp, line 609]
Event: 0.417 Thread 0x00000236c0540800 Exception <a 'java/lang/ArrayIndexOutOfBoundsException'> (0x00000000fed9ff90) thrown at [C:\jenkins\workspace\8-2-build-windows-amd64-cygwin\jdk8u301\1513\hotspot\src\share\vm\runtime\sharedRuntime.cpp, line 609]
Event: 0.417 Thread 0x00000236c0540800 Exception <a 'java/lang/ArrayIndexOutOfBoundsException'> (0x00000000feda1060) thrown at [C:\jenkins\workspace\8-2-build-windows-amd64-cygwin\jdk8u301\1513\hotspot\src\share\vm\runtime\sharedRuntime.cpp, line 609]
Event: 0.417 Thread 0x00000236c0540800 Exception <a 'java/lang/ArrayIndexOutOfBoundsException'> (0x00000000feda2120) thrown at [C:\jenkins\workspace\8-2-build-windows-amd64-cygwin\jdk8u301\1513\hotspot\src\share\vm\runtime\sharedRuntime.cpp, line 609]
Event: 0.417 Thread 0x00000236c0540800 Exception <a 'java/lang/ArrayIndexOutOfBoundsException'> (0x00000000feda5728) thrown at [C:\jenkins\workspace\8-2-build-windows-amd64-cygwin\jdk8u301\1513\hotspot\src\share\vm\runtime\sharedRuntime.cpp, line 609]
Event: 0.417 Thread 0x00000236c0540800 Exception <a 'java/lang/ArrayIndexOutOfBoundsException'> (0x00000000feda8830) thrown at [C:\jenkins\workspace\8-2-build-windows-amd64-cygwin\jdk8u301\1513\hotspot\src\share\vm\runtime\sharedRuntime.cpp, line 609]
Event: 0.417 Thread 0x00000236c0540800 Exception <a 'java/lang/ArrayIndexOutOfBoundsException'> (0x00000000fedaaaa8) thrown at [C:\jenkins\workspace\8-2-build-windows-amd64-cygwin\jdk8u301\1513\hotspot\src\share\vm\runtime\sharedRuntime.cpp, line 609]
Event: 0.417 Thread 0x00000236c0540800 Exception <a 'java/lang/ArrayIndexOutOfBoundsException'> (0x00000000fedad068) thrown at [C:\jenkins\workspace\8-2-build-windows-amd64-cygwin\jdk8u301\1513\hotspot\src\share\vm\runtime\sharedRuntime.cpp, line 609]
Event: 11.781 Thread 0x00000236c0540800 Exception <a 'java/io/IOException'> (0x00000000fedc3c48) thrown at [C:\jenkins\workspace\8-2-build-windows-amd64-cygwin\jdk8u301\1513\hotspot\src\share\vm\prims\jni.cpp, line 710]
Event: 11.788 Thread 0x00000236d6200800 Exception <a 'java/io/IOException'> (0x00000000fee01d98) thrown at [C:\jenkins\workspace\8-2-build-windows-amd64-cygwin\jdk8u301\1513\hotspot\src\share\vm\prims\jni.cpp, line 710]

Events (10 events):
Event: 11.788 loading class org/gradle/internal/logging/ConsoleRenderer done
Event: 11.788 Thread 0x00000236d6200800 Thread exited: 0x00000236d6200800
Event: 11.788 loading class org/gradle/internal/remote/internal/inet/SocketConnection$1
Event: 11.788 loading class org/gradle/internal/remote/internal/inet/SocketConnection$1 done
Event: 11.789 loading class java/util/concurrent/ConcurrentLinkedQueue$Itr
Event: 11.789 loading class java/util/concurrent/ConcurrentLinkedQueue$Itr done
Event: 11.791 loading class org/gradle/execution/MultipleBuildFailures
Event: 11.791 loading class org/gradle/execution/MultipleBuildFailures done
Event: 11.791 loading class org/gradle/internal/logging/services/LoggingBackedStyledTextOutput
Event: 11.791 loading class org/gradle/internal/logging/services/LoggingBackedStyledTextOutput done


Dynamic libraries:
0x00007ff6c84e0000 - 0x00007ff6c8527000 	C:\Program Files\Java\jdk1.8.0_301\bin\java.exe
0x00007ffaf4b00000 - 0x00007ffaf4d07000 	C:\Windows\SYSTEM32\ntdll.dll
0x00007ffaf3ac0000 - 0x00007ffaf3b7d000 	C:\Windows\System32\KERNEL32.DLL
0x00007ffaf2020000 - 0x00007ffaf2392000 	C:\Windows\System32\KERNELBASE.dll
0x00007ffaf4900000 - 0x00007ffaf49ac000 	C:\Windows\System32\ADVAPI32.dll
0x00007ffaf3d20000 - 0x00007ffaf3dc3000 	C:\Windows\System32\msvcrt.dll
0x00007ffaf29d0000 - 0x00007ffaf2a6d000 	C:\Windows\System32\sechost.dll
0x00007ffaf3040000 - 0x00007ffaf3161000 	C:\Windows\System32\RPCRT4.dll
0x00007ffaf2e90000 - 0x00007ffaf303c000 	C:\Windows\System32\USER32.dll
0x00007ffaf2650000 - 0x00007ffaf2676000 	C:\Windows\System32\win32u.dll
0x00007ffaf3610000 - 0x00007ffaf3639000 	C:\Windows\System32\GDI32.dll
0x00007ffaf2410000 - 0x00007ffaf2522000 	C:\Windows\System32\gdi32full.dll
0x00007ffaf2530000 - 0x00007ffaf25cd000 	C:\Windows\System32\msvcp_win.dll
0x00007ffaf2680000 - 0x00007ffaf2791000 	C:\Windows\System32\ucrtbase.dll
0x00007ffad26f0000 - 0x00007ffad2995000 	C:\Windows\WinSxS\amd64_microsoft.windows.common-controls_6595b64144ccf1df_6.0.21996.1_none_7d6b053978bcd706\COMCTL32.dll
0x00007ffaf31e0000 - 0x00007ffaf3211000 	C:\Windows\System32\IMM32.DLL
0x00007ffae8dc0000 - 0x00007ffae8dd5000 	C:\Program Files\Java\jdk1.8.0_301\jre\bin\vcruntime140.dll
0x00007ffac4eb0000 - 0x00007ffac4f4b000 	C:\Program Files\Java\jdk1.8.0_301\jre\bin\msvcp140.dll
0x0000000059af0000 - 0x000000005a350000 	C:\Program Files\Java\jdk1.8.0_301\jre\bin\server\jvm.dll
0x00007ffaf47d0000 - 0x00007ffaf47d8000 	C:\Windows\System32\PSAPI.DLL
0x00007ffaefe10000 - 0x00007ffaefe1a000 	C:\Windows\SYSTEM32\VERSION.dll
0x00007ffaeba90000 - 0x00007ffaebac3000 	C:\Windows\SYSTEM32\WINMM.dll
0x00007ffaee900000 - 0x00007ffaee909000 	C:\Windows\SYSTEM32\WSOCK32.dll
0x00007ffaf3220000 - 0x00007ffaf328f000 	C:\Windows\System32\WS2_32.dll
0x00007ffaf1240000 - 0x00007ffaf1257000 	C:\Windows\SYSTEM32\kernel.appcore.dll
0x00007ffaed510000 - 0x00007ffaed520000 	C:\Program Files\Java\jdk1.8.0_301\jre\bin\verify.dll
0x00007ffadc0e0000 - 0x00007ffadc10b000 	C:\Program Files\Java\jdk1.8.0_301\jre\bin\java.dll
0x00007ffadbdf0000 - 0x00007ffadbe08000 	C:\Program Files\Java\jdk1.8.0_301\jre\bin\zip.dll
0x00007ffaf3dd0000 - 0x00007ffaf4539000 	C:\Windows\System32\SHELL32.dll
0x00007ffaf01f0000 - 0x00007ffaf0a48000 	C:\Windows\SYSTEM32\windows.storage.dll
0x00007ffaf3290000 - 0x00007ffaf3605000 	C:\Windows\System32\combase.dll
0x00007ffaf0080000 - 0x00007ffaf01e6000 	C:\Windows\SYSTEM32\wintypes.dll
0x00007ffaf46e0000 - 0x00007ffaf47ca000 	C:\Windows\System32\SHCORE.dll
0x00007ffaf2e30000 - 0x00007ffaf2e8d000 	C:\Windows\System32\shlwapi.dll
0x00007ffaf1f50000 - 0x00007ffaf1f71000 	C:\Windows\SYSTEM32\profapi.dll
0x00007ffadbcf0000 - 0x00007ffadbd0c000 	C:\Program Files\Java\jdk1.8.0_301\jre\bin\net.dll
0x00007ffaf1650000 - 0x00007ffaf16b7000 	C:\Windows\system32\mswsock.dll
0x00007ffadafe0000 - 0x00007ffadaff3000 	C:\Program Files\Java\jdk1.8.0_301\jre\bin\nio.dll
0x00007ffada840000 - 0x00007ffada866000 	C:\Users\Athos\.gradle\native\fdc75f09e3144964f2cf3f50f0aa648679c211496f362492102eb8c894070792\windows-amd64\native-platform.dll
0x00007ffac4d10000 - 0x00007ffac4ea1000 	C:\Users\Athos\.gradle\native\12488b8bf47d2d4c9fbf2f6322a914ad602e24e48041cd04a747c6da556b65c4\windows-amd64\native-platform-file-events.dll
0x00007ffaed4e0000 - 0x00007ffaed4ea000 	C:\Users\Athos\.gradle\native\jansi\1.18\windows64\jansi.dll
0x00007ffaed420000 - 0x00007ffaed42d000 	C:\Program Files\Java\jdk1.8.0_301\jre\bin\management.dll
0x00007ffaf1890000 - 0x00007ffaf18a8000 	C:\Windows\SYSTEM32\CRYPTSP.dll
0x00007ffaf11a0000 - 0x00007ffaf11d5000 	C:\Windows\system32\rsaenh.dll
0x00007ffaf1740000 - 0x00007ffaf1769000 	C:\Windows\SYSTEM32\USERENV.dll
0x00007ffaf1a10000 - 0x00007ffaf1a37000 	C:\Windows\SYSTEM32\bcrypt.dll
0x00007ffaf25d0000 - 0x00007ffaf2650000 	C:\Windows\System32\bcryptprimitives.dll
0x00007ffaf18b0000 - 0x00007ffaf18bc000 	C:\Windows\SYSTEM32\CRYPTBASE.dll
0x00007ffaf0d80000 - 0x00007ffaf0dad000 	C:\Windows\SYSTEM32\IPHLPAPI.DLL
0x00007ffaf3ab0000 - 0x00007ffaf3ab9000 	C:\Windows\System32\NSI.dll
0x00007ffaeda40000 - 0x00007ffaeda59000 	C:\Windows\SYSTEM32\dhcpcsvc6.DLL
0x00007ffaed020000 - 0x00007ffaed03e000 	C:\Windows\SYSTEM32\dhcpcsvc.DLL
0x00007ffaf0db0000 - 0x00007ffaf0e95000 	C:\Windows\SYSTEM32\DNSAPI.dll
0x00007ffaec490000 - 0x00007ffaec49c000 	C:\Windows\SYSTEM32\WINNSI.DLL

VM Arguments:
jvm_args: -Xmx64m -Xms64m -Dorg.gradle.appname=gradlew 
java_command: org.gradle.wrapper.GradleWrapperMain app:installDebug -PreactNativeDevServerPort=8081
java_class_path (initial): C:\Users\Athos\Documents\GitHub\ReactNative-PhoneProject\android\\gradle\wrapper\gradle-wrapper.jar
Launcher Type: SUN_STANDARD

Environment Variables:
JAVA_HOME=C:\Program Files\Java\jdk1.8.0_301
CLASSPATH=C:\Users\Athos\Documents\GitHub\ReactNative-PhoneProject\android\\gradle\wrapper\gradle-wrapper.jar
USERNAME=Athos
OS=Windows_NT
PROCESSOR_IDENTIFIER=AMD64 Family 23 Model 113 Stepping 0, AuthenticAMD



---------------  S Y S T E M  ---------------

OS: Windows 10.0 , 64 bit Build 21996 (10.0.21996.1)

CPU:total 16 (initial active 16) (16 cores per cpu, 1 threads per core) family 23 model 113 stepping 0, cmov, cx8, fxsr, mmx, sse, sse2, sse3, ssse3, sse4.1, sse4.2, popcnt, avx, avx2, aes, clmul, mmxext, 3dnowpref, lzcnt, sse4a, tsc, tscinvbit, tscinv, bmi1

Memory: 4k page, physical 8313192k(2728360k free), swap 8313192k(4092k free)

vm_info: Java HotSpot(TM) 64-Bit Server VM (25.301-b09) for windows-amd64 JRE (1.8.0_301-b09), built on Jun  9 2021 06:46:21 by "java_re" with MS VC++ 15.9 (VS2017)

time: Tue Feb 15 20:15:09 2022
timezone: SA Eastern Standard Time
elapsed time: 11.796349 seconds (0d 0h 0m 11s)

