#
# There is insufficient memory for the Java Runtime Environment to continue.
# Native memory allocation (malloc) failed to allocate 762896 bytes for Chunk::new
# Possible reasons:
#   The system is out of physical RAM or swap space
#   The process is running with CompressedOops enabled, and the Java Heap may be blocking the growth of the native heap
# Possible solutions:
#   Reduce memory load on the system
#   Increase physical memory or swap space
#   Check if swap backing store is full
#   Decrease Java heap size (-Xmx/-Xms)
#   Decrease number of Java threads
#   Decrease Java thread stack sizes (-Xss)
#   Set larger code cache with -XX:ReservedCodeCacheSize=
#   JVM is running with Unscaled Compressed Oops mode in which the Java heap is
#     placed in the first 4GB address space. The Java Heap base address is the
#     maximum limit for the native heap growth. Please use -XX:HeapBaseMinAddress
#     to set the Java Heap base and to place the Java Heap above 4GB virtual address.
# This output file may be truncated or incomplete.
#
#  Out of Memory Error (allocation.cpp:389), pid=10976, tid=0x0000000000001190
#
# JRE version: Java(TM) SE Runtime Environment (8.0_301-b09) (build 1.8.0_301-b09)
# Java VM: Java HotSpot(TM) 64-Bit Server VM (25.301-b09 mixed mode windows-amd64 compressed oops)
# Failed to write core dump. Minidumps are not enabled by default on client versions of Windows
#

---------------  T H R E A D  ---------------

Current thread (0x000001ddf651e000):  JavaThread "C2 CompilerThread5" daemon [_thread_in_native, id=4496, stack(0x00000010d5600000,0x00000010d5700000)]

Stack: [0x00000010d5600000,0x00000010d5700000]
Native frames: (J=compiled Java code, j=interpreted, Vv=VM code, C=native code)
V  [jvm.dll+0x32ed79]
V  [jvm.dll+0x275722]
V  [jvm.dll+0x2763cd]
V  [jvm.dll+0x26ce05]
V  [jvm.dll+0xd551c]
V  [jvm.dll+0xd5d1c]
V  [jvm.dll+0x452c72]
V  [jvm.dll+0x48dcdd]
V  [jvm.dll+0x442c71]
V  [jvm.dll+0x43fee4]
V  [jvm.dll+0x42ae57]
V  [jvm.dll+0xac1bb]
V  [jvm.dll+0xaa81b]
V  [jvm.dll+0x23ddc2]
V  [jvm.dll+0x2923dc]
C  [ucrtbase.dll+0x26c0c]
C  [KERNEL32.DLL+0x154e0]
C  [ntdll.dll+0x485b]


Current CompileTask:
C2:  14553 15054  s    4       org.gradle.internal.component.external.model.AbstractLazyModuleComponentResolveMetadata::getVariantsForGraphTraversal (20 bytes)


---------------  P R O C E S S  ---------------

Java Threads: ( => current thread )
  0x000001dd909b3800 JavaThread "Cache worker for execution history cache (C:\Users\Athos\Documents\GitHub\ReactNative-PhoneProject\android\.gradle\6.7\executionHistory)" [_thread_blocked, id=4204, stack(0x00000010e0c00000,0x00000010e0d00000)]
  0x000001dd909b2800 JavaThread "Execution worker for ':' Thread 15" [_thread_blocked, id=6348, stack(0x00000010e0b00000,0x00000010e0c00000)]
  0x000001ddf8c62800 JavaThread "Execution worker for ':' Thread 14" [_thread_blocked, id=10928, stack(0x00000010e0a00000,0x00000010e0b00000)]
  0x000001ddf8c61000 JavaThread "Execution worker for ':' Thread 13" [_thread_blocked, id=2820, stack(0x00000010e0900000,0x00000010e0a00000)]
  0x000001ddf8c66800 JavaThread "Execution worker for ':' Thread 12" [_thread_blocked, id=2248, stack(0x00000010e0800000,0x00000010e0900000)]
  0x000001ddf8c65000 JavaThread "Execution worker for ':' Thread 11" [_thread_blocked, id=12584, stack(0x00000010e0700000,0x00000010e0800000)]
  0x000001ddf8c64000 JavaThread "Execution worker for ':' Thread 10" [_thread_blocked, id=11776, stack(0x00000010e0600000,0x00000010e0700000)]
  0x000001ddf8c65800 JavaThread "Execution worker for ':' Thread 9" [_thread_blocked, id=4084, stack(0x00000010e0500000,0x00000010e0600000)]
  0x000001ddf8c60800 JavaThread "Execution worker for ':' Thread 8" [_thread_blocked, id=8712, stack(0x00000010e0400000,0x00000010e0500000)]
  0x000001ddf8c62000 JavaThread "Execution worker for ':' Thread 7" [_thread_blocked, id=10644, stack(0x00000010e0300000,0x00000010e0400000)]
  0x000001ddf8c63800 JavaThread "Execution worker for ':' Thread 6" [_thread_blocked, id=6384, stack(0x00000010e0200000,0x00000010e0300000)]
  0x000001ddf8c5f800 JavaThread "Execution worker for ':' Thread 5" [_thread_blocked, id=10924, stack(0x00000010e0100000,0x00000010e0200000)]
  0x000001ddf8c58000 JavaThread "Execution worker for ':' Thread 4" [_thread_blocked, id=5548, stack(0x00000010e0000000,0x00000010e0100000)]
  0x000001ddf8c5f000 JavaThread "Execution worker for ':' Thread 3" [_thread_blocked, id=1564, stack(0x00000010dff00000,0x00000010e0000000)]
  0x000001ddf8c59800 JavaThread "Execution worker for ':' Thread 2" [_thread_blocked, id=12524, stack(0x00000010dfe00000,0x00000010dff00000)]
  0x000001ddf8c57800 JavaThread "Execution worker for ':'" [_thread_blocked, id=1628, stack(0x00000010dfd00000,0x00000010dfe00000)]
  0x000001ddf8c5c800 JavaThread "jar transforms Thread 119" [_thread_blocked, id=7448, stack(0x00000010dfc00000,0x00000010dfd00000)]
  0x000001ddf8c59000 JavaThread "jar transforms Thread 118" [_thread_blocked, id=4768, stack(0x00000010dfb00000,0x00000010dfc00000)]
  0x000001ddf8c5a800 JavaThread "jar transforms Thread 117" [_thread_blocked, id=11488, stack(0x00000010dfa00000,0x00000010dfb00000)]
  0x000001ddf8c5d800 JavaThread "jar transforms Thread 116" [_thread_blocked, id=6572, stack(0x00000010df900000,0x00000010dfa00000)]
  0x000001ddf8c5c000 JavaThread "jar transforms Thread 115" [_thread_blocked, id=12560, stack(0x00000010df800000,0x00000010df900000)]
  0x000001ddf6ba7800 JavaThread "jar transforms Thread 114" [_thread_blocked, id=2752, stack(0x00000010df700000,0x00000010df800000)]
  0x000001ddf6ba6800 JavaThread "jar transforms Thread 113" [_thread_blocked, id=14668, stack(0x00000010df600000,0x00000010df700000)]
  0x000001ddf6ba6000 JavaThread "jar transforms Thread 112" [_thread_blocked, id=5224, stack(0x00000010df500000,0x00000010df600000)]
  0x000001ddf6ba5000 JavaThread "jar transforms Thread 111" [_thread_blocked, id=8168, stack(0x00000010df400000,0x00000010df500000)]
  0x000001ddf6b9d800 JavaThread "jar transforms Thread 110" [_thread_blocked, id=10520, stack(0x00000010df300000,0x00000010df400000)]
  0x000001ddf6ba3800 JavaThread "jar transforms Thread 109" [_thread_blocked, id=14116, stack(0x00000010df200000,0x00000010df300000)]
  0x000001ddf6ba2800 JavaThread "jar transforms Thread 108" [_thread_blocked, id=13732, stack(0x00000010df100000,0x00000010df200000)]
  0x000001ddf6ba2000 JavaThread "jar transforms Thread 107" [_thread_blocked, id=1268, stack(0x00000010df000000,0x00000010df100000)]
  0x000001ddf6ba4000 JavaThread "jar transforms Thread 106" [_thread_blocked, id=11476, stack(0x00000010def00000,0x00000010df000000)]
  0x000001ddf6ba1000 JavaThread "jar transforms Thread 105" [_thread_blocked, id=1104, stack(0x00000010dee00000,0x00000010def00000)]
  0x000001ddf6b99800 JavaThread "jar transforms Thread 104" [_thread_blocked, id=12232, stack(0x00000010ded00000,0x00000010dee00000)]
  0x000001ddf6b9c800 JavaThread "jar transforms Thread 103" [_thread_blocked, id=10964, stack(0x00000010dec00000,0x00000010ded00000)]
  0x000001ddf6b9c000 JavaThread "jar transforms Thread 102" [_thread_blocked, id=8088, stack(0x00000010deb00000,0x00000010dec00000)]
  0x000001ddf6ba0800 JavaThread "jar transforms Thread 101" [_thread_blocked, id=7176, stack(0x00000010dea00000,0x00000010deb00000)]
  0x000001ddf6b9f800 JavaThread "jar transforms Thread 100" [_thread_blocked, id=8284, stack(0x00000010de900000,0x00000010dea00000)]
  0x000001ddf6b98000 JavaThread "jar transforms Thread 99" [_thread_blocked, id=3360, stack(0x00000010de800000,0x00000010de900000)]
  0x000001ddf6b99000 JavaThread "jar transforms Thread 98" [_thread_blocked, id=12836, stack(0x00000010de700000,0x00000010de800000)]
  0x000001ddf6b9f000 JavaThread "jar transforms Thread 97" [_thread_blocked, id=11472, stack(0x00000010de600000,0x00000010de700000)]
  0x000001ddf6b9a800 JavaThread "jar transforms Thread 96" [_thread_blocked, id=11104, stack(0x00000010de500000,0x00000010de600000)]
  0x000001ddf6b9b000 JavaThread "jar transforms Thread 95" [_thread_blocked, id=10376, stack(0x00000010de400000,0x00000010de500000)]
  0x000001ddf7a72000 JavaThread "jar transforms Thread 94" [_thread_blocked, id=8376, stack(0x00000010de300000,0x00000010de400000)]
  0x000001ddfaa07000 JavaThread "jar transforms Thread 93" [_thread_blocked, id=13252, stack(0x00000010de200000,0x00000010de300000)]
  0x000001ddfaa05000 JavaThread "Memory manager" [_thread_blocked, id=1620, stack(0x00000010de100000,0x00000010de200000)]
  0x000001ddfa9f9000 JavaThread "jar transforms Thread 92" [_thread_blocked, id=10260, stack(0x00000010de000000,0x00000010de100000)]
  0x000001ddfa9fc000 JavaThread "jar transforms Thread 91" [_thread_blocked, id=12200, stack(0x00000010ddf00000,0x00000010de000000)]
  0x000001ddfa9fa800 JavaThread "jar transforms Thread 90" [_thread_blocked, id=13976, stack(0x00000010dde00000,0x00000010ddf00000)]
  0x000001ddfa9f9800 JavaThread "jar transforms Thread 89" [_thread_blocked, id=8292, stack(0x00000010ddd00000,0x00000010dde00000)]
  0x000001ddfa9fe000 JavaThread "jar transforms Thread 88" [_thread_blocked, id=13324, stack(0x00000010ddc00000,0x00000010ddd00000)]
  0x000001ddfa9fc800 JavaThread "jar transforms Thread 87" [_thread_blocked, id=13812, stack(0x00000010ddb00000,0x00000010ddc00000)]
  0x000001ddfa9ff800 JavaThread "jar transforms Thread 86" [_thread_blocked, id=7344, stack(0x00000010dda00000,0x00000010ddb00000)]
  0x000001ddfa9fd800 JavaThread "jar transforms Thread 85" [_thread_blocked, id=7484, stack(0x00000010dd900000,0x00000010dda00000)]
  0x000001ddfa9fb000 JavaThread "jar transforms Thread 84" [_thread_blocked, id=3848, stack(0x00000010dd800000,0x00000010dd900000)]
  0x000001ddfa9f8000 JavaThread "jar transforms Thread 83" [_thread_blocked, id=11584, stack(0x00000010dd700000,0x00000010dd800000)]
  0x000001ddfa3cd800 JavaThread "jar transforms Thread 82" [_thread_blocked, id=9672, stack(0x00000010dd600000,0x00000010dd700000)]
  0x000001ddfa3cc800 JavaThread "jar transforms Thread 81" [_thread_blocked, id=6928, stack(0x00000010dd500000,0x00000010dd600000)]
  0x000001ddfa3cc000 JavaThread "jar transforms Thread 80" [_thread_blocked, id=10952, stack(0x00000010dd400000,0x00000010dd500000)]
  0x000001ddfa3c9800 JavaThread "jar transforms Thread 79" [_thread_blocked, id=9292, stack(0x00000010dd300000,0x00000010dd400000)]
  0x000001ddfa3cb000 JavaThread "jar transforms Thread 78" [_thread_blocked, id=3652, stack(0x00000010dd200000,0x00000010dd300000)]
  0x000001ddfa3ca800 JavaThread "jar transforms Thread 77" [_thread_blocked, id=10496, stack(0x00000010dd100000,0x00000010dd200000)]
  0x000001ddfa3c9000 JavaThread "jar transforms Thread 76" [_thread_blocked, id=7708, stack(0x00000010dd000000,0x00000010dd100000)]
  0x000001ddfa3c8000 JavaThread "jar transforms Thread 75" [_thread_blocked, id=1152, stack(0x00000010dcf00000,0x00000010dd000000)]
  0x000001ddfa3c1800 JavaThread "jar transforms Thread 74" [_thread_blocked, id=1936, stack(0x00000010dce00000,0x00000010dcf00000)]
  0x000001ddfa3c7800 JavaThread "jar transforms Thread 73" [_thread_blocked, id=8496, stack(0x00000010dcd00000,0x00000010dce00000)]
  0x000001ddfa3bf800 JavaThread "jar transforms Thread 72" [_thread_blocked, id=4988, stack(0x00000010dcc00000,0x00000010dcd00000)]
  0x000001ddfa3c6800 JavaThread "jar transforms Thread 71" [_thread_blocked, id=15156, stack(0x00000010dcb00000,0x00000010dcc00000)]
  0x000001ddfa3c6000 JavaThread "jar transforms Thread 70" [_thread_blocked, id=7908, stack(0x00000010dca00000,0x00000010dcb00000)]
  0x000001ddfa3c4800 JavaThread "jar transforms Thread 69" [_thread_blocked, id=1732, stack(0x00000010dc900000,0x00000010dca00000)]
  0x000001ddfa3c5000 JavaThread "jar transforms Thread 68" [_thread_blocked, id=10912, stack(0x00000010dc800000,0x00000010dc900000)]
  0x000001ddfa3c3800 JavaThread "jar transforms Thread 67" [_thread_blocked, id=6288, stack(0x00000010dc700000,0x00000010dc800000)]
  0x000001ddfa3c0800 JavaThread "jar transforms Thread 66" [_thread_blocked, id=14816, stack(0x00000010dc600000,0x00000010dc700000)]
  0x000001ddfa3bf000 JavaThread "jar transforms Thread 65" [_thread_blocked, id=5212, stack(0x00000010dc500000,0x00000010dc600000)]
  0x000001ddfa3c2000 JavaThread "jar transforms Thread 64" [_thread_blocked, id=7676, stack(0x00000010dc400000,0x00000010dc500000)]
  0x000001ddfa3c3000 JavaThread "jar transforms Thread 63" [_thread_blocked, id=2276, stack(0x00000010dc300000,0x00000010dc400000)]
  0x000001ddfa3be000 JavaThread "jar transforms Thread 62" [_thread_blocked, id=15004, stack(0x00000010dc200000,0x00000010dc300000)]
  0x000001ddf74a1800 JavaThread "jar transforms Thread 61" [_thread_blocked, id=11756, stack(0x00000010dc100000,0x00000010dc200000)]
  0x000001ddf74a0800 JavaThread "jar transforms Thread 60" [_thread_blocked, id=9764, stack(0x00000010dc000000,0x00000010dc100000)]
  0x000001ddf74a0000 JavaThread "jar transforms Thread 59" [_thread_blocked, id=12516, stack(0x00000010dbf00000,0x00000010dc000000)]
  0x000001ddf749f000 JavaThread "jar transforms Thread 58" [_thread_blocked, id=10968, stack(0x00000010dbe00000,0x00000010dbf00000)]
  0x000001ddf7497800 JavaThread "jar transforms Thread 57" [_thread_blocked, id=6668, stack(0x00000010dbd00000,0x00000010dbe00000)]
  0x000001ddf749e800 JavaThread "jar transforms Thread 56" [_thread_blocked, id=3736, stack(0x00000010dbc00000,0x00000010dbd00000)]
  0x000001ddf749d000 JavaThread "jar transforms Thread 55" [_thread_blocked, id=8520, stack(0x00000010dbb00000,0x00000010dbc00000)]
  0x000001ddf749d800 JavaThread "jar transforms Thread 54" [_thread_blocked, id=2548, stack(0x00000010dba00000,0x00000010dbb00000)]
  0x000001ddf7495800 JavaThread "jar transforms Thread 53" [_thread_blocked, id=12276, stack(0x00000010db900000,0x00000010dba00000)]
  0x000001ddf749c000 JavaThread "jar transforms Thread 52" [_thread_blocked, id=14656, stack(0x00000010db800000,0x00000010db900000)]
  0x000001ddf7496000 JavaThread "jar transforms Thread 51" [_thread_blocked, id=14640, stack(0x00000010db700000,0x00000010db800000)]
  0x000001ddf7494800 JavaThread "jar transforms Thread 50" [_thread_blocked, id=11212, stack(0x00000010db600000,0x00000010db700000)]
  0x000001ddf749b800 JavaThread "jar transforms Thread 49" [_thread_blocked, id=7560, stack(0x00000010db500000,0x00000010db600000)]
  0x000001ddf7494000 JavaThread "jar transforms Thread 48" [_thread_blocked, id=2104, stack(0x00000010db400000,0x00000010db500000)]
  0x000001ddf749a800 JavaThread "jar transforms Thread 47" [_thread_blocked, id=8636, stack(0x00000010db300000,0x00000010db400000)]
  0x000001ddf7498800 JavaThread "jar transforms Thread 46" [_thread_blocked, id=5208, stack(0x00000010db200000,0x00000010db300000)]
  0x000001ddf7497000 JavaThread "jar transforms Thread 45" [_thread_blocked, id=8880, stack(0x00000010db100000,0x00000010db200000)]
  0x000001ddf7493000 JavaThread "jar transforms Thread 44" [_thread_blocked, id=10372, stack(0x00000010db000000,0x00000010db100000)]
  0x000001ddf749a000 JavaThread "jar transforms Thread 43" [_thread_blocked, id=6948, stack(0x00000010daf00000,0x00000010db000000)]
  0x000001ddf7492800 JavaThread "jar transforms Thread 42" [_thread_blocked, id=6708, stack(0x00000010dae00000,0x00000010daf00000)]
  0x000001ddf7499000 JavaThread "jar transforms Thread 41" [_thread_blocked, id=14652, stack(0x00000010dad00000,0x00000010dae00000)]
  0x000001ddf7226800 JavaThread "jar transforms Thread 40" [_thread_blocked, id=5540, stack(0x00000010dac00000,0x00000010dad00000)]
  0x000001ddf7226000 JavaThread "jar transforms Thread 39" [_thread_blocked, id=12596, stack(0x00000010dab00000,0x00000010dac00000)]
  0x000001ddf7225000 JavaThread "jar transforms Thread 38" [_thread_blocked, id=15196, stack(0x00000010daa00000,0x00000010dab00000)]
  0x000001ddf7223800 JavaThread "jar transforms Thread 37" [_thread_blocked, id=12840, stack(0x00000010da900000,0x00000010daa00000)]
  0x000001ddf7224800 JavaThread "jar transforms Thread 36" [_thread_blocked, id=3716, stack(0x00000010da800000,0x00000010da900000)]
  0x000001ddf7223000 JavaThread "jar transforms Thread 35" [_thread_blocked, id=3544, stack(0x00000010da700000,0x00000010da800000)]
  0x000001ddf7220800 JavaThread "jar transforms Thread 34" [_thread_blocked, id=12316, stack(0x00000010da600000,0x00000010da700000)]
  0x000001ddf7222000 JavaThread "jar transforms Thread 33" [_thread_blocked, id=11528, stack(0x00000010da500000,0x00000010da600000)]
  0x000001ddf721a800 JavaThread "jar transforms Thread 32" [_thread_blocked, id=12112, stack(0x00000010da400000,0x00000010da500000)]
  0x000001ddf7220000 JavaThread "jar transforms Thread 31" [_thread_blocked, id=14416, stack(0x00000010da300000,0x00000010da400000)]
  0x000001ddf721d800 JavaThread "jar transforms Thread 30" [_thread_blocked, id=6212, stack(0x00000010da200000,0x00000010da300000)]
  0x000001ddf721f000 JavaThread "jar transforms Thread 29" [_thread_blocked, id=11048, stack(0x00000010da100000,0x00000010da200000)]
  0x000001ddf7221800 JavaThread "jar transforms Thread 28" [_thread_blocked, id=9012, stack(0x00000010da000000,0x00000010da100000)]
  0x000001ddf721c000 JavaThread "jar transforms Thread 27" [_thread_blocked, id=11932, stack(0x00000010d9f00000,0x00000010da000000)]
  0x000001ddf7218800 JavaThread "jar transforms Thread 26" [_thread_blocked, id=13616, stack(0x00000010d9e00000,0x00000010d9f00000)]
  0x000001ddf721a000 JavaThread "jar transforms Thread 25" [_thread_blocked, id=10556, stack(0x00000010d9d00000,0x00000010d9e00000)]
  0x000001ddf7219000 JavaThread "jar transforms Thread 24" [_thread_blocked, id=9676, stack(0x00000010d9c00000,0x00000010d9d00000)]
  0x000001ddf7217800 JavaThread "jar transforms Thread 23" [_thread_blocked, id=6688, stack(0x00000010d9b00000,0x00000010d9c00000)]
  0x000001ddf721b800 JavaThread "jar transforms Thread 22" [_thread_blocked, id=13044, stack(0x00000010d9a00000,0x00000010d9b00000)]
  0x000001ddf721e800 JavaThread "jar transforms Thread 21" [_thread_blocked, id=15276, stack(0x00000010d9900000,0x00000010d9a00000)]
  0x000001ddf721d000 JavaThread "jar transforms Thread 20" [_thread_blocked, id=8672, stack(0x00000010d9800000,0x00000010d9900000)]
  0x000001ddfa31d000 JavaThread "jar transforms Thread 19" [_thread_blocked, id=8480, stack(0x00000010d9700000,0x00000010d9800000)]
  0x000001ddfa31f800 JavaThread "jar transforms Thread 18" [_thread_blocked, id=11872, stack(0x00000010d9600000,0x00000010d9700000)]
  0x000001ddfa323000 JavaThread "jar transforms Thread 17" [_thread_blocked, id=13360, stack(0x00000010d9500000,0x00000010d9600000)]
  0x000001ddfa321000 JavaThread "jar transforms Thread 16" [_thread_blocked, id=2496, stack(0x00000010d9400000,0x00000010d9500000)]
  0x000001ddfa322800 JavaThread "jar transforms Thread 15" [_thread_blocked, id=10092, stack(0x00000010d9300000,0x00000010d9400000)]
  0x000001ddfa320000 JavaThread "jar transforms Thread 14" [_thread_blocked, id=11972, stack(0x00000010d9200000,0x00000010d9300000)]
  0x000001ddfa31e800 JavaThread "jar transforms Thread 13" [_thread_blocked, id=12600, stack(0x00000010d9100000,0x00000010d9200000)]
  0x000001ddfa324000 JavaThread "jar transforms Thread 12" [_thread_blocked, id=9420, stack(0x00000010d9000000,0x00000010d9100000)]
  0x000001ddfa31e000 JavaThread "jar transforms Thread 11" [_thread_blocked, id=3252, stack(0x00000010d8f00000,0x00000010d9000000)]
  0x000001ddfa321800 JavaThread "jar transforms Thread 10" [_thread_blocked, id=13736, stack(0x00000010d8e00000,0x00000010d8f00000)]
  0x000001ddfa315800 JavaThread "jar transforms Thread 9" [_thread_blocked, id=9340, stack(0x00000010d8d00000,0x00000010d8e00000)]
  0x000001ddfa31c800 JavaThread "jar transforms Thread 8" [_thread_blocked, id=4332, stack(0x00000010d8c00000,0x00000010d8d00000)]
  0x000001ddfa31b000 JavaThread "jar transforms Thread 7" [_thread_blocked, id=14352, stack(0x00000010d8b00000,0x00000010d8c00000)]
  0x000001ddfa318800 JavaThread "jar transforms Thread 6" [_thread_blocked, id=10596, stack(0x00000010d8a00000,0x00000010d8b00000)]
  0x000001ddfa315000 JavaThread "jar transforms Thread 5" [_thread_blocked, id=10792, stack(0x00000010d8900000,0x00000010d8a00000)]
  0x000001ddfa31b800 JavaThread "jar transforms Thread 4" [_thread_blocked, id=12984, stack(0x00000010d8800000,0x00000010d8900000)]
  0x000001ddfa31a000 JavaThread "jar transforms Thread 3" [_thread_blocked, id=10960, stack(0x00000010d8700000,0x00000010d8800000)]
  0x000001ddfa319800 JavaThread "jar transforms Thread 2" [_thread_blocked, id=13468, stack(0x00000010d8600000,0x00000010d8700000)]
  0x000001ddfa318000 JavaThread "Build operations Thread 16" [_thread_blocked, id=6952, stack(0x00000010d8500000,0x00000010d8600000)]
  0x000001ddfa317000 JavaThread "Build operations Thread 15" [_thread_blocked, id=7720, stack(0x00000010d8400000,0x00000010d8500000)]
  0x000001ddfa316800 JavaThread "Build operations Thread 14" [_thread_blocked, id=14164, stack(0x00000010d8300000,0x00000010d8400000)]
  0x000001ddf7a81800 JavaThread "Build operations Thread 13" [_thread_blocked, id=3608, stack(0x00000010d8200000,0x00000010d8300000)]
  0x000001ddf7a80800 JavaThread "Build operations Thread 12" [_thread_blocked, id=12488, stack(0x00000010d8100000,0x00000010d8200000)]
  0x000001ddf7a7f000 JavaThread "Build operations Thread 11" [_thread_blocked, id=12216, stack(0x00000010d8000000,0x00000010d8100000)]
  0x000001ddf7a7d800 JavaThread "Build operations Thread 10" [_thread_blocked, id=12912, stack(0x00000010d7f00000,0x00000010d8000000)]
  0x000001ddf7a7d000 JavaThread "Build operations Thread 9" [_thread_blocked, id=5820, stack(0x00000010d7e00000,0x00000010d7f00000)]
  0x000001ddf7a80000 JavaThread "Build operations Thread 8" [_thread_blocked, id=5812, stack(0x00000010d7d00000,0x00000010d7e00000)]
  0x000001ddf7a7a000 JavaThread "Build operations Thread 7" [_thread_blocked, id=12588, stack(0x00000010d7c00000,0x00000010d7d00000)]
  0x000001ddf7a7b800 JavaThread "Build operations Thread 6" [_thread_blocked, id=12044, stack(0x00000010d7b00000,0x00000010d7c00000)]
  0x000001ddf7a7e800 JavaThread "Build operations Thread 5" [_thread_blocked, id=8548, stack(0x00000010d7a00000,0x00000010d7b00000)]
  0x000001ddf7a75000 JavaThread "Build operations Thread 4" [_thread_blocked, id=2828, stack(0x00000010d7900000,0x00000010d7a00000)]
  0x000001ddf7a7c000 JavaThread "Build operations Thread 3" [_thread_blocked, id=7252, stack(0x00000010d7800000,0x00000010d7900000)]
  0x000001ddf7a7a800 JavaThread "Build operations Thread 2" [_thread_blocked, id=12192, stack(0x00000010d7700000,0x00000010d7800000)]
  0x000001ddf7a73000 JavaThread "Build operations" [_thread_blocked, id=3588, stack(0x00000010d7600000,0x00000010d7700000)]
  0x000001ddf7a74800 JavaThread "Cache worker for Build Output Cleanup Cache (C:\Users\Athos\Documents\GitHub\ReactNative-PhoneProject\android\.gradle\buildOutputCleanup)" [_thread_blocked, id=11908, stack(0x00000010d7500000,0x00000010d7600000)]
  0x000001ddf7a79000 JavaThread "Cache worker for file content cache (C:\Users\Athos\.gradle\caches\6.7\fileContent)" [_thread_blocked, id=15100, stack(0x00000010d7400000,0x00000010d7500000)]
  0x000001ddf7a78800 JavaThread "jar transforms" [_thread_blocked, id=1372, stack(0x00000010d7300000,0x00000010d7400000)]
  0x000001ddf7a77800 JavaThread "Cache worker for execution history cache (C:\Users\Athos\.gradle\caches\6.7\executionHistory)" [_thread_blocked, id=7456, stack(0x00000010d7200000,0x00000010d7300000)]
  0x000001ddf7a76000 JavaThread "Cache worker for cache directory md-rule (C:\Users\Athos\.gradle\caches\6.7\md-rule)" [_thread_blocked, id=14792, stack(0x00000010d7100000,0x00000010d7200000)]
  0x000001ddf6593800 JavaThread "Cache worker for cache directory md-supplier (C:\Users\Athos\.gradle\caches\6.7\md-supplier)" [_thread_blocked, id=8308, stack(0x00000010d7000000,0x00000010d7100000)]
  0x000001ddf6596800 JavaThread "Cache worker for checksums cache (C:\Users\Athos\Documents\GitHub\ReactNative-PhoneProject\android\.gradle\checksums)" [_thread_blocked, id=8984, stack(0x00000010d6f00000,0x00000010d7000000)]
  0x000001ddf6599800 JavaThread "Cache worker for file hash cache (C:\Users\Athos\Documents\GitHub\ReactNative-PhoneProject\android\.gradle\6.7\fileHashes)" [_thread_blocked, id=7596, stack(0x00000010d6e00000,0x00000010d6f00000)]
  0x000001ddf6592800 JavaThread "Cache worker for journal cache (C:\Users\Athos\.gradle\caches\journal-1)" [_thread_blocked, id=2436, stack(0x00000010d6d00000,0x00000010d6e00000)]
  0x000001ddf6595000 JavaThread "File lock request listener" [_thread_in_native, id=10904, stack(0x00000010d6c00000,0x00000010d6d00000)]
  0x000001ddf6598000 JavaThread "Cache worker for file hash cache (C:\Users\Athos\.gradle\caches\6.7\fileHashes)" [_thread_blocked, id=11008, stack(0x00000010d6b00000,0x00000010d6c00000)]
  0x000001ddf83e3800 JavaThread "Thread-9" [_thread_blocked, id=12764, stack(0x00000010d6a00000,0x00000010d6b00000)]
  0x000001ddf83e3000 JavaThread "Stdin handler" [_thread_blocked, id=5764, stack(0x00000010d6900000,0x00000010d6a00000)]
  0x000001ddf83df800 JavaThread "Asynchronous log dispatcher for DefaultDaemonConnection: socket connection from /127.0.0.1:50691 to /127.0.0.1:50692" [_thread_blocked, id=14540, stack(0x00000010d6800000,0x00000010d6900000)]
  0x000001ddf83d7800 JavaThread "Daemon worker" [_thread_in_Java, id=5816, stack(0x00000010d6700000,0x00000010d6800000)]
  0x000001ddf83d6800 JavaThread "Cancel handler" [_thread_blocked, id=2956, stack(0x00000010d6600000,0x00000010d6700000)]
  0x000001ddf825b800 JavaThread "Handler for socket connection from /127.0.0.1:50691 to /127.0.0.1:50692" [_thread_in_native, id=4920, stack(0x00000010d6500000,0x00000010d6600000)]
  0x000001ddf825b000 JavaThread "Daemon" [_thread_blocked, id=14676, stack(0x00000010d6400000,0x00000010d6500000)]
  0x000001ddf8248800 JavaThread "Daemon periodic checks" [_thread_blocked, id=13944, stack(0x00000010d6300000,0x00000010d6400000)]
  0x000001ddf7f0e800 JavaThread "Incoming local TCP Connector on port 50691" [_thread_in_native, id=9656, stack(0x00000010d6200000,0x00000010d6300000)]
  0x000001ddf80f8000 JavaThread "Daemon health stats" [_thread_blocked, id=13080, stack(0x00000010d5f00000,0x00000010d6000000)]
  0x000001ddf65fb800 JavaThread "Service Thread" daemon [_thread_blocked, id=6436, stack(0x00000010d5d00000,0x00000010d5e00000)]
  0x000001ddf6594800 JavaThread "C1 CompilerThread11" daemon [_thread_blocked, id=7860, stack(0x00000010d5c00000,0x00000010d5d00000)]
  0x000001ddf6599000 JavaThread "C1 CompilerThread10" daemon [_thread_blocked, id=15088, stack(0x00000010d5b00000,0x00000010d5c00000)]
  0x000001ddf6596000 JavaThread "C1 CompilerThread9" daemon [_thread_blocked, id=5468, stack(0x00000010d5a00000,0x00000010d5b00000)]
  0x000001ddf6584800 JavaThread "C1 CompilerThread8" daemon [_thread_blocked, id=14284, stack(0x00000010d5900000,0x00000010d5a00000)]
  0x000001ddf6563800 JavaThread "C2 CompilerThread7" daemon [_thread_in_native, id=8652, stack(0x00000010d5800000,0x00000010d5900000)]
  0x000001ddf6553000 JavaThread "C2 CompilerThread6" daemon [_thread_in_native, id=8504, stack(0x00000010d5700000,0x00000010d5800000)]
=>0x000001ddf651e000 JavaThread "C2 CompilerThread5" daemon [_thread_in_native, id=4496, stack(0x00000010d5600000,0x00000010d5700000)]
  0x000001ddf650d800 JavaThread "C2 CompilerThread4" daemon [_thread_in_native, id=7812, stack(0x00000010d5500000,0x00000010d5600000)]
  0x000001ddf650a000 JavaThread "C2 CompilerThread3" daemon [_thread_blocked, id=11720, stack(0x00000010d5400000,0x00000010d5500000)]
  0x000001ddf6509800 JavaThread "C2 CompilerThread2" daemon [_thread_in_native, id=13500, stack(0x00000010d5300000,0x00000010d5400000)]
  0x000001ddf6505800 JavaThread "C2 CompilerThread1" daemon [_thread_in_native, id=3148, stack(0x00000010d5200000,0x00000010d5300000)]
  0x000001ddf6502800 JavaThread "C2 CompilerThread0" daemon [_thread_in_native, id=7700, stack(0x00000010d5100000,0x00000010d5200000)]
  0x000001ddf6502000 JavaThread "Attach Listener" daemon [_thread_blocked, id=14732, stack(0x00000010d5000000,0x00000010d5100000)]
  0x000001ddf64fd000 JavaThread "Signal Dispatcher" daemon [_thread_blocked, id=14448, stack(0x00000010d4f00000,0x00000010d5000000)]
  0x000001ddf64f0800 JavaThread "Finalizer" daemon [_thread_blocked, id=14120, stack(0x00000010d4e00000,0x00000010d4f00000)]
  0x000001ddf37f3800 JavaThread "Reference Handler" daemon [_thread_blocked, id=10972, stack(0x00000010d4d00000,0x00000010d4e00000)]
  0x000001ddefd0d000 JavaThread "main" [_thread_blocked, id=14780, stack(0x00000010d3e00000,0x00000010d3f00000)]

Other Threads:
  0x000001ddf37ec800 VMThread [stack: 0x00000010d4c00000,0x00000010d4d00000] [id=2576]
  0x000001ddf65fe000 WatcherThread [stack: 0x00000010d5e00000,0x00000010d5f00000] [id=9948]

VM state:not at safepoint (normal execution)

VM Mutex/Monitor currently owned by a thread:  ([mutex/lock_event])
[0x000001ddefce22c0] CodeCache_lock - owner thread: 0x0000000000000000
[0x000001ddefd046f0] Compile_lock - owner thread: 0x0000000000000000

heap address: 0x00000000e0000000, size: 512 MB, Compressed Oops mode: 32-bit
Narrow klass base: 0x0000000000000000, Narrow klass shift: 3
Compressed class space size: 1073741824 Address: 0x0000000100000000

Heap:
 PSYoungGen      total 117760K, used 39034K [0x00000000f5580000, 0x0000000100000000, 0x0000000100000000)
  eden space 67072K, 7% used [0x00000000f5580000,0x00000000f5a16880,0x00000000f9700000)
  from space 50688K, 67% used [0x00000000fce80000,0x00000000ff008080,0x0000000100000000)
  to   space 53760K, 0% used [0x00000000f9700000,0x00000000f9700000,0x00000000fcb80000)
 ParOldGen       total 198144K, used 109319K [0x00000000e0000000, 0x00000000ec180000, 0x00000000f5580000)
  object space 198144K, 55% used [0x00000000e0000000,0x00000000e6ac1d50,0x00000000ec180000)
 Metaspace       used 82217K, capacity 89808K, committed 90112K, reserved 1126400K
  class space    used 11494K, capacity 13220K, committed 13312K, reserved 1048576K

Card table byte_map: [0x000001ddf1b00000,0x000001ddf1c10000] byte_map_base: 0x000001ddf1400000

Marking Bits: (ParMarkBitMap*) 0x000000005a2d7fe0
 Begin Bits: [0x000001ddf1c10000, 0x000001ddf2410000)
 End Bits:   [0x000001ddf2410000, 0x000001ddf2c10000)

Polling page: 0x000001ddefe90000

CodeCache: size=245760Kb used=43714Kb max_used=44323Kb free=202045Kb
 bounds [0x000001dd80000000, 0x000001dd82b90000, 0x000001dd8f000000]
 total_blobs=13652 nmethods=12842 adapters=718
 compilation: enabled

Compilation events (10 events):
Event: 14.482 Thread 0x000001ddf6584800 nmethod 15123 0x000001dd80955150 code [0x000001dd809552a0, 0x000001dd809554f8]
Event: 14.482 Thread 0x000001ddf6596000 nmethod 15122 0x000001dd80628790 code [0x000001dd80628900, 0x000001dd80628cd8]
Event: 14.490 Thread 0x000001ddf6599000 15124       1       org.gradle.api.tasks.compile.CompileOptions_Decorated::getModelIdentityDisplayName (5 bytes)
Event: 14.490 Thread 0x000001ddf6599000 nmethod 15124 0x000001dd810bea90 code [0x000001dd810bebe0, 0x000001dd810becf8]
Event: 14.493 Thread 0x000001ddf6594800 15125       3       org.gradle.api.internal.provider.Providers$NoValueProvider::withFinalValue (2 bytes)
Event: 14.493 Thread 0x000001ddf6594800 nmethod 15125 0x000001dd81a41150 code [0x000001dd81a412a0, 0x000001dd81a413f8]
Event: 14.496 Thread 0x000001ddf6584800 15126       3       org.gradle.internal.component.model.ComponentAttributeMatcher::match (259 bytes)
Event: 14.499 Thread 0x000001ddf6584800 nmethod 15126 0x000001dd824bdf50 code [0x000001dd824be380, 0x000001dd824c0af0]
Event: 14.538 Thread 0x000001ddf6596000 15131       3       java.nio.DirectByteBuffer::get (15 bytes)
Event: 14.539 Thread 0x000001ddf6596000 nmethod 15131 0x000001dd813bbc50 code [0x000001dd813bbdc0, 0x000001dd813bc130]

GC Heap History (10 events):
Event: 12.927 GC heap before
{Heap before GC invocations=19 (full 3):
 PSYoungGen      total 140800K, used 140768K [0x00000000f5580000, 0x0000000100000000, 0x0000000100000000)
  eden space 108032K, 100% used [0x00000000f5580000,0x00000000fbf00000,0x00000000fbf00000)
  from space 32768K, 99% used [0x00000000fbf00000,0x00000000fdef8010,0x00000000fdf00000)
  to   space 33792K, 0% used [0x00000000fdf00000,0x00000000fdf00000,0x0000000100000000)
 ParOldGen       total 198144K, used 78615K [0x00000000e0000000, 0x00000000ec180000, 0x00000000f5580000)
  object space 198144K, 39% used [0x00000000e0000000,0x00000000e4cc5f90,0x00000000ec180000)
 Metaspace       used 80816K, capacity 88094K, committed 88448K, reserved 1124352K
  class space    used 11377K, capacity 13065K, committed 13184K, reserved 1048576K
Event: 12.949 GC heap after
Heap after GC invocations=19 (full 3):
 PSYoungGen      total 128512K, used 28730K [0x00000000f5580000, 0x0000000100000000, 0x0000000100000000)
  eden space 94720K, 0% used [0x00000000f5580000,0x00000000f5580000,0x00000000fb200000)
  from space 33792K, 85% used [0x00000000fdf00000,0x00000000ffb0eb00,0x0000000100000000)
  to   space 39936K, 0% used [0x00000000fb200000,0x00000000fb200000,0x00000000fd900000)
 ParOldGen       total 198144K, used 94115K [0x00000000e0000000, 0x00000000ec180000, 0x00000000f5580000)
  object space 198144K, 47% used [0x00000000e0000000,0x00000000e5be8d40,0x00000000ec180000)
 Metaspace       used 80816K, capacity 88094K, committed 88448K, reserved 1124352K
  class space    used 11377K, capacity 13065K, committed 13184K, reserved 1048576K
}
Event: 13.358 GC heap before
{Heap before GC invocations=20 (full 3):
 PSYoungGen      total 128512K, used 123450K [0x00000000f5580000, 0x0000000100000000, 0x0000000100000000)
  eden space 94720K, 100% used [0x00000000f5580000,0x00000000fb200000,0x00000000fb200000)
  from space 33792K, 85% used [0x00000000fdf00000,0x00000000ffb0eb00,0x0000000100000000)
  to   space 39936K, 0% used [0x00000000fb200000,0x00000000fb200000,0x00000000fd900000)
 ParOldGen       total 198144K, used 94115K [0x00000000e0000000, 0x00000000ec180000, 0x00000000f5580000)
  object space 198144K, 47% used [0x00000000e0000000,0x00000000e5be8d40,0x00000000ec180000)
 Metaspace       used 81359K, capacity 88816K, committed 88960K, reserved 1124352K
  class space    used 11435K, capacity 13130K, committed 13184K, reserved 1048576K
Event: 13.372 GC heap after
Heap after GC invocations=20 (full 3):
 PSYoungGen      total 128000K, used 32976K [0x00000000f5580000, 0x0000000100000000, 0x0000000100000000)
  eden space 94720K, 0% used [0x00000000f5580000,0x00000000f5580000,0x00000000fb200000)
  from space 33280K, 99% used [0x00000000fb200000,0x00000000fd234030,0x00000000fd280000)
  to   space 43008K, 0% used [0x00000000fd600000,0x00000000fd600000,0x0000000100000000)
 ParOldGen       total 198144K, used 94123K [0x00000000e0000000, 0x00000000ec180000, 0x00000000f5580000)
  object space 198144K, 47% used [0x00000000e0000000,0x00000000e5bead40,0x00000000ec180000)
 Metaspace       used 81359K, capacity 88816K, committed 88960K, reserved 1124352K
  class space    used 11435K, capacity 13130K, committed 13184K, reserved 1048576K
}
Event: 13.834 GC heap before
{Heap before GC invocations=21 (full 3):
 PSYoungGen      total 128000K, used 127696K [0x00000000f5580000, 0x0000000100000000, 0x0000000100000000)
  eden space 94720K, 100% used [0x00000000f5580000,0x00000000fb200000,0x00000000fb200000)
  from space 33280K, 99% used [0x00000000fb200000,0x00000000fd234030,0x00000000fd280000)
  to   space 43008K, 0% used [0x00000000fd600000,0x00000000fd600000,0x0000000100000000)
 ParOldGen       total 198144K, used 94123K [0x00000000e0000000, 0x00000000ec180000, 0x00000000f5580000)
  object space 198144K, 47% used [0x00000000e0000000,0x00000000e5bead40,0x00000000ec180000)
 Metaspace       used 81909K, capacity 89506K, committed 89856K, reserved 1126400K
  class space    used 11477K, capacity 13195K, committed 13312K, reserved 1048576K
Event: 13.856 GC heap after
Heap after GC invocations=21 (full 3):
 PSYoungGen      total 122368K, used 38480K [0x00000000f5580000, 0x0000000100000000, 0x0000000100000000)
  eden space 79360K, 0% used [0x00000000f5580000,0x00000000f5580000,0x00000000fa300000)
  from space 43008K, 89% used [0x00000000fd600000,0x00000000ffb94050,0x0000000100000000)
  to   space 47616K, 0% used [0x00000000fa300000,0x00000000fa300000,0x00000000fd180000)
 ParOldGen       total 198144K, used 94131K [0x00000000e0000000, 0x00000000ec180000, 0x00000000f5580000)
  object space 198144K, 47% used [0x00000000e0000000,0x00000000e5becd40,0x00000000ec180000)
 Metaspace       used 81909K, capacity 89506K, committed 89856K, reserved 1126400K
  class space    used 11477K, capacity 13195K, committed 13312K, reserved 1048576K
}
Event: 14.234 GC heap before
{Heap before GC invocations=22 (full 3):
 PSYoungGen      total 122368K, used 117840K [0x00000000f5580000, 0x0000000100000000, 0x0000000100000000)
  eden space 79360K, 100% used [0x00000000f5580000,0x00000000fa300000,0x00000000fa300000)
  from space 43008K, 89% used [0x00000000fd600000,0x00000000ffb94050,0x0000000100000000)
  to   space 47616K, 0% used [0x00000000fa300000,0x00000000fa300000,0x00000000fd180000)
 ParOldGen       total 198144K, used 94131K [0x00000000e0000000, 0x00000000ec180000, 0x00000000f5580000)
  object space 198144K, 47% used [0x00000000e0000000,0x00000000e5becd40,0x00000000ec180000)
 Metaspace       used 82063K, capacity 89640K, committed 89856K, reserved 1126400K
  class space    used 11484K, capacity 13204K, committed 13312K, reserved 1048576K
Event: 14.256 GC heap after
Heap after GC invocations=22 (full 3):
 PSYoungGen      total 123904K, used 44048K [0x00000000f5580000, 0x0000000100000000, 0x0000000100000000)
  eden space 79360K, 0% used [0x00000000f5580000,0x00000000f5580000,0x00000000fa300000)
  from space 44544K, 98% used [0x00000000fa300000,0x00000000fce04090,0x00000000fce80000)
  to   space 50688K, 0% used [0x00000000fce80000,0x00000000fce80000,0x0000000100000000)
 ParOldGen       total 198144K, used 94139K [0x00000000e0000000, 0x00000000ec180000, 0x00000000f5580000)
  object space 198144K, 47% used [0x00000000e0000000,0x00000000e5beed40,0x00000000ec180000)
 Metaspace       used 82063K, capacity 89640K, committed 89856K, reserved 1126400K
  class space    used 11484K, capacity 13204K, committed 13312K, reserved 1048576K
}
Event: 14.509 GC heap before
{Heap before GC invocations=23 (full 3):
 PSYoungGen      total 123904K, used 123400K [0x00000000f5580000, 0x0000000100000000, 0x0000000100000000)
  eden space 79360K, 99% used [0x00000000f5580000,0x00000000fa2fe270,0x00000000fa300000)
  from space 44544K, 98% used [0x00000000fa300000,0x00000000fce04090,0x00000000fce80000)
  to   space 50688K, 0% used [0x00000000fce80000,0x00000000fce80000,0x0000000100000000)
 ParOldGen       total 198144K, used 94139K [0x00000000e0000000, 0x00000000ec180000, 0x00000000f5580000)
  object space 198144K, 47% used [0x00000000e0000000,0x00000000e5beed40,0x00000000ec180000)
 Metaspace       used 82206K, capacity 89802K, committed 90112K, reserved 1126400K
  class space    used 11492K, capacity 13219K, committed 13312K, reserved 1048576K
Event: 14.538 GC heap after
Heap after GC invocations=23 (full 3):
 PSYoungGen      total 117760K, used 34336K [0x00000000f5580000, 0x0000000100000000, 0x0000000100000000)
  eden space 67072K, 0% used [0x00000000f5580000,0x00000000f5580000,0x00000000f9700000)
  from space 50688K, 67% used [0x00000000fce80000,0x00000000ff008080,0x0000000100000000)
  to   space 53760K, 0% used [0x00000000f9700000,0x00000000f9700000,0x00000000fcb80000)
 ParOldGen       total 198144K, used 109319K [0x00000000e0000000, 0x00000000ec180000, 0x00000000f5580000)
  object space 198144K, 55% used [0x00000000e0000000,0x00000000e6ac1d50,0x00000000ec180000)
 Metaspace       used 82206K, capacity 89802K, committed 90112K, reserved 1126400K
  class space    used 11492K, capacity 13219K, committed 13312K, reserved 1048576K
}

Deoptimization events (10 events):
Event: 14.290 Thread 0x000001ddf83d7800 Uncommon trap: reason=unstable_if action=reinterpret pc=0x000001dd82abe824 method=com.esotericsoftware.kryo.io.Output.writeBoolean(Z)V @ 8
Event: 14.342 Thread 0x000001ddfa318000 Uncommon trap: reason=unstable_if action=reinterpret pc=0x000001dd81965264 method=org.gradle.internal.time.MonotonicClock.advance(J)J @ 25
Event: 14.342 Thread 0x000001ddf7a80800 Uncommon trap: reason=unstable_if action=reinterpret pc=0x000001dd81965264 method=org.gradle.internal.time.MonotonicClock.advance(J)J @ 25
Event: 14.343 Thread 0x000001ddf7a7a000 Uncommon trap: reason=unstable_if action=reinterpret pc=0x000001dd81965264 method=org.gradle.internal.time.MonotonicClock.advance(J)J @ 25
Event: 14.433 Thread 0x000001ddf83d7800 Uncommon trap: reason=array_check action=maybe_recompile pc=0x000001dd827904b8 method=java.util.TimSort.binarySort([Ljava/lang/Object;IIILjava/util/Comparator;)V @ 183
Event: 14.467 Thread 0x000001ddf83d7800 Uncommon trap: reason=unstable_if action=reinterpret pc=0x000001dd81c2cec0 method=com.esotericsoftware.kryo.io.Input.readAscii()Ljava/lang/String; @ 23
Event: 14.467 Thread 0x000001ddf83d7800 Uncommon trap: reason=unstable_if action=reinterpret pc=0x000001dd82ab6eb8 method=org.gradle.api.internal.artifacts.ivyservice.resolveengine.result.DefaultComponentSelectionDescriptor.<init>(Lorg/gradle/api/artifacts/result/ComponentSelectionCause;Lorg/gr
Event: 14.473 Thread 0x000001ddf83d7800 Uncommon trap: reason=unstable_if action=reinterpret pc=0x000001dd82a5b8b8 method=org.gradle.api.internal.artifacts.ivyservice.dependencysubstitution.DefaultDependencySubstitution.isUpdated()Z @ 4
Event: 14.475 Thread 0x000001ddf83d7800 Uncommon trap: reason=unstable_if action=reinterpret pc=0x000001dd82b31ef8 method=org.gradle.api.internal.artifacts.ivyservice.resolveengine.graph.builder.ModuleSelectors.add(Lorg/gradle/api/internal/artifacts/ivyservice/resolveengine/graph/selectors/Reso
Event: 14.482 Thread 0x000001ddf83d7800 Uncommon trap: reason=unstable_if action=reinterpret pc=0x000001dd829f29ec method=org.gradle.internal.component.model.ComponentAttributeMatcher$CachedQuery.select([ILjava/util/Collection;)Ljava/util/List; @ 2

Classes redefined (0 events):
No events

Internal exceptions (10 events):
Event: 13.284 Thread 0x000001ddf8c61000 Exception <a 'java/lang/NoSuchMethodError': <clinit>> (0x00000000fad541e0) thrown at [C:\jenkins\workspace\8-2-build-windows-amd64-cygwin\jdk8u301\1513\hotspot\src\share\vm\prims\jni.cpp, line 1615]
Event: 13.284 Thread 0x000001ddf8c61000 Exception <a 'java/lang/NoSuchMethodError': <clinit>> (0x00000000fad63268) thrown at [C:\jenkins\workspace\8-2-build-windows-amd64-cygwin\jdk8u301\1513\hotspot\src\share\vm\prims\jni.cpp, line 1615]
Event: 13.475 Thread 0x000001ddf8c61000 Exception <a 'java/lang/NoSuchMethodError': <clinit>> (0x00000000f6c235d8) thrown at [C:\jenkins\workspace\8-2-build-windows-amd64-cygwin\jdk8u301\1513\hotspot\src\share\vm\prims\jni.cpp, line 1615]
Event: 13.476 Thread 0x000001ddf8c61000 Implicit null exception at 0x000001dd8125b2f7 to 0x000001dd8125b589
Event: 13.491 Thread 0x000001ddf8c65800 Exception <a 'java/lang/NoSuchMethodError': <clinit>> (0x00000000f6d32530) thrown at [C:\jenkins\workspace\8-2-build-windows-amd64-cygwin\jdk8u301\1513\hotspot\src\share\vm\prims\jni.cpp, line 1615]
Event: 14.433 Thread 0x000001ddf83d7800 Exception <a 'java/lang/NoSuchMethodError': <clinit>> (0x00000000f77cd3c0) thrown at [C:\jenkins\workspace\8-2-build-windows-amd64-cygwin\jdk8u301\1513\hotspot\src\share\vm\prims\jni.cpp, line 1615]
Event: 14.433 Thread 0x000001ddf83d7800 Exception <a 'java/lang/NoSuchMethodError': <clinit>> (0x00000000f77cf308) thrown at [C:\jenkins\workspace\8-2-build-windows-amd64-cygwin\jdk8u301\1513\hotspot\src\share\vm\prims\jni.cpp, line 1615]
Event: 14.433 Thread 0x000001ddf83d7800 Exception <a 'java/lang/NoSuchMethodError': <clinit>> (0x00000000f77d5a10) thrown at [C:\jenkins\workspace\8-2-build-windows-amd64-cygwin\jdk8u301\1513\hotspot\src\share\vm\prims\jni.cpp, line 1615]
Event: 14.434 Thread 0x000001ddf83d7800 Exception <a 'java/lang/NoSuchMethodError': <clinit>> (0x00000000f77f4318) thrown at [C:\jenkins\workspace\8-2-build-windows-amd64-cygwin\jdk8u301\1513\hotspot\src\share\vm\prims\jni.cpp, line 1615]
Event: 14.434 Thread 0x000001ddf83d7800 Exception <a 'java/lang/NoSuchMethodError': <clinit>> (0x00000000f77f5c08) thrown at [C:\jenkins\workspace\8-2-build-windows-amd64-cygwin\jdk8u301\1513\hotspot\src\share\vm\prims\jni.cpp, line 1615]

Events (10 events):
Event: 14.482 Thread 0x000001ddf83d7800 DEOPT PACKING pc=0x000001dd829f29ec sp=0x00000010d67f99d0
Event: 14.482 Thread 0x000001ddf83d7800 DEOPT UNPACKING pc=0x000001dd80045843 sp=0x00000010d67f9960 mode 2
Event: 14.488 loading class org/gradle/execution/plan/MutationInfo
Event: 14.488 loading class org/gradle/execution/plan/MutationInfo done
Event: 14.488 loading class org/gradle/execution/plan/LocalTaskNode$1
Event: 14.488 loading class org/gradle/execution/plan/LocalTaskNode$1 done
Event: 14.496 Executing VM operation: RevokeBias
Event: 14.496 Executing VM operation: RevokeBias done
Event: 14.509 Executing VM operation: ParallelGCFailedAllocation
Event: 14.538 Executing VM operation: ParallelGCFailedAllocation done


Dynamic libraries:
0x00007ff6c84e0000 - 0x00007ff6c8527000 	C:\Program Files\Java\jdk1.8.0_301\bin\java.exe
0x00007ffaf4b00000 - 0x00007ffaf4d07000 	C:\Windows\SYSTEM32\ntdll.dll
0x00007ffaf3ac0000 - 0x00007ffaf3b7d000 	C:\Windows\System32\KERNEL32.DLL
0x00007ffaf2020000 - 0x00007ffaf2392000 	C:\Windows\System32\KERNELBASE.dll
0x00007ffaf4900000 - 0x00007ffaf49ac000 	C:\Windows\System32\ADVAPI32.dll
0x00007ffaf3d20000 - 0x00007ffaf3dc3000 	C:\Windows\System32\msvcrt.dll
0x00007ffaf29d0000 - 0x00007ffaf2a6d000 	C:\Windows\System32\sechost.dll
0x00007ffaf3040000 - 0x00007ffaf3161000 	C:\Windows\System32\RPCRT4.dll
0x00007ffaf2e90000 - 0x00007ffaf303c000 	C:\Windows\System32\USER32.dll
0x00007ffaf2650000 - 0x00007ffaf2676000 	C:\Windows\System32\win32u.dll
0x00007ffaf3610000 - 0x00007ffaf3639000 	C:\Windows\System32\GDI32.dll
0x00007ffaf2410000 - 0x00007ffaf2522000 	C:\Windows\System32\gdi32full.dll
0x00007ffaf2530000 - 0x00007ffaf25cd000 	C:\Windows\System32\msvcp_win.dll
0x00007ffaf2680000 - 0x00007ffaf2791000 	C:\Windows\System32\ucrtbase.dll
0x00007ffad26f0000 - 0x00007ffad2995000 	C:\Windows\WinSxS\amd64_microsoft.windows.common-controls_6595b64144ccf1df_6.0.21996.1_none_7d6b053978bcd706\COMCTL32.dll
0x00007ffaf31e0000 - 0x00007ffaf3211000 	C:\Windows\System32\IMM32.DLL
0x00007ffaed530000 - 0x00007ffaed545000 	C:\Program Files\Java\jdk1.8.0_301\jre\bin\vcruntime140.dll
0x00007ffac4eb0000 - 0x00007ffac4f4b000 	C:\Program Files\Java\jdk1.8.0_301\jre\bin\msvcp140.dll
0x0000000059af0000 - 0x000000005a350000 	C:\Program Files\Java\jdk1.8.0_301\jre\bin\server\jvm.dll
0x00007ffaf47d0000 - 0x00007ffaf47d8000 	C:\Windows\System32\PSAPI.DLL
0x00007ffaeba90000 - 0x00007ffaebac3000 	C:\Windows\SYSTEM32\WINMM.dll
0x00007ffaee900000 - 0x00007ffaee909000 	C:\Windows\SYSTEM32\WSOCK32.dll
0x00007ffaefe10000 - 0x00007ffaefe1a000 	C:\Windows\SYSTEM32\VERSION.dll
0x00007ffaf3220000 - 0x00007ffaf328f000 	C:\Windows\System32\WS2_32.dll
0x00007ffaf1240000 - 0x00007ffaf1257000 	C:\Windows\SYSTEM32\kernel.appcore.dll
0x00007ffaed520000 - 0x00007ffaed530000 	C:\Program Files\Java\jdk1.8.0_301\jre\bin\verify.dll
0x00007ffadafd0000 - 0x00007ffadaffb000 	C:\Program Files\Java\jdk1.8.0_301\jre\bin\java.dll
0x00007ffae8dc0000 - 0x00007ffae8dd8000 	C:\Program Files\Java\jdk1.8.0_301\jre\bin\zip.dll
0x00007ffaf3dd0000 - 0x00007ffaf4539000 	C:\Windows\System32\SHELL32.dll
0x00007ffaf01f0000 - 0x00007ffaf0a48000 	C:\Windows\SYSTEM32\windows.storage.dll
0x00007ffaf3290000 - 0x00007ffaf3605000 	C:\Windows\System32\combase.dll
0x00007ffaf0080000 - 0x00007ffaf01e6000 	C:\Windows\SYSTEM32\wintypes.dll
0x00007ffaf46e0000 - 0x00007ffaf47ca000 	C:\Windows\System32\SHCORE.dll
0x00007ffaf2e30000 - 0x00007ffaf2e8d000 	C:\Windows\System32\shlwapi.dll
0x00007ffaf1f50000 - 0x00007ffaf1f71000 	C:\Windows\SYSTEM32\profapi.dll
0x00007ffadbdf0000 - 0x00007ffadbe0c000 	C:\Program Files\Java\jdk1.8.0_301\jre\bin\net.dll
0x00007ffaf1650000 - 0x00007ffaf16b7000 	C:\Windows\system32\mswsock.dll
0x00007ffadbcf0000 - 0x00007ffadbd03000 	C:\Program Files\Java\jdk1.8.0_301\jre\bin\nio.dll
0x00007ffada7f0000 - 0x00007ffada816000 	C:\Users\Athos\.gradle\native\fdc75f09e3144964f2cf3f50f0aa648679c211496f362492102eb8c894070792\windows-amd64\native-platform.dll
0x00007ffac4d10000 - 0x00007ffac4ea1000 	C:\Users\Athos\.gradle\native\12488b8bf47d2d4c9fbf2f6322a914ad602e24e48041cd04a747c6da556b65c4\windows-amd64\native-platform-file-events.dll
0x00007ffaed4e0000 - 0x00007ffaed4ed000 	C:\Program Files\Java\jdk1.8.0_301\jre\bin\management.dll
0x00007ffaf1890000 - 0x00007ffaf18a8000 	C:\Windows\SYSTEM32\CRYPTSP.dll
0x00007ffaf11a0000 - 0x00007ffaf11d5000 	C:\Windows\system32\rsaenh.dll
0x00007ffaf1740000 - 0x00007ffaf1769000 	C:\Windows\SYSTEM32\USERENV.dll
0x00007ffaf1a10000 - 0x00007ffaf1a37000 	C:\Windows\SYSTEM32\bcrypt.dll
0x00007ffaf25d0000 - 0x00007ffaf2650000 	C:\Windows\System32\bcryptprimitives.dll
0x00007ffaf18b0000 - 0x00007ffaf18bc000 	C:\Windows\SYSTEM32\CRYPTBASE.dll
0x00007ffaf0d80000 - 0x00007ffaf0dad000 	C:\Windows\SYSTEM32\IPHLPAPI.DLL
0x00007ffaf3ab0000 - 0x00007ffaf3ab9000 	C:\Windows\System32\NSI.dll
0x00007ffaeda40000 - 0x00007ffaeda59000 	C:\Windows\SYSTEM32\dhcpcsvc6.DLL
0x00007ffaed020000 - 0x00007ffaed03e000 	C:\Windows\SYSTEM32\dhcpcsvc.DLL
0x00007ffaf0db0000 - 0x00007ffaf0e95000 	C:\Windows\SYSTEM32\DNSAPI.dll
0x00007ffaec490000 - 0x00007ffaec49c000 	C:\Windows\SYSTEM32\WINNSI.DLL
0x00007ffae94e0000 - 0x00007ffae9701000 	C:\Windows\SYSTEM32\dbghelp.dll

VM Arguments:
jvm_args: -XX:MaxMetaspaceSize=256m -XX:+HeapDumpOnOutOfMemoryError -Xms256m -Xmx512m -Dfile.encoding=windows-1252 -Duser.country=US -Duser.language=en -Duser.variant 
java_command: org.gradle.launcher.daemon.bootstrap.GradleDaemon 6.7
java_class_path (initial): C:\Users\Athos\.gradle\wrapper\dists\gradle-6.7-all\cuy9mc7upwgwgeb72wkcrupxe\gradle-6.7\lib\gradle-launcher-6.7.jar
Launcher Type: SUN_STANDARD

Environment Variables:
JAVA_HOME=C:\Program Files\Java\jdk1.8.0_301
CLASSPATH=C:\Users\Athos\Documents\GitHub\ReactNative-PhoneProject\android\\gradle\wrapper\gradle-wrapper.jar
USERNAME=Athos
OS=Windows_NT
PROCESSOR_IDENTIFIER=AMD64 Family 23 Model 113 Stepping 0, AuthenticAMD



---------------  S Y S T E M  ---------------

OS: Windows 10.0 , 64 bit Build 21996 (10.0.21996.1)

CPU:total 16 (initial active 16) (16 cores per cpu, 1 threads per core) family 23 model 113 stepping 0, cmov, cx8, fxsr, mmx, sse, sse2, sse3, ssse3, sse4.1, sse4.2, popcnt, avx, avx2, aes, clmul, mmxext, 3dnowpref, lzcnt, sse4a, tsc, tscinvbit, tscinv, bmi1

Memory: 4k page, physical 8313192k(2279776k free), swap 8313192k(8076k free)

vm_info: Java HotSpot(TM) 64-Bit Server VM (25.301-b09) for windows-amd64 JRE (1.8.0_301-b09), built on Jun  9 2021 06:46:21 by "java_re" with MS VC++ 15.9 (VS2017)

time: Tue Feb 15 20:14:11 2022
timezone: SA Eastern Standard Time
elapsed time: 14.573962 seconds (0d 0h 0m 14s)

